<?xml version="1.0" encoding="UTF-8"?>
<robot generator="Robot 7.4.1 (Python 3.12.3 on linux)" generated="2026-03-20T15:57:27.645395" rpa="false" schemaversion="5">
<suite id="s1" name="Login Missing Credentials Tests" source="/home/administrateur/PhpstormProjects/swag_labs/tests/login/login_missing_credentials/login_missing_credentials_tests.robot">
<test id="s1-t1" name="Login champ username vide" line="10">
<kw name="Log" owner="BuiltIn">
<msg time="2026-03-20T15:57:27.807543" level="INFO">Exécution SWAG-59 Login champ username vide</msg>
<arg>Exécution SWAG-59 Login champ username vide</arg>
<doc>Logs the given message with the given level.</doc>
<status status="PASS" start="2026-03-20T15:57:27.806905" elapsed="0.000729"/>
</kw>
<kw name="Open Login Page" owner="keywords">
<kw name="New Browser" owner="Browser">
<msg time="2026-03-20T15:57:27.809181" level="INFO">{"browser": "chromium", "headless": true, "chromiumSandbox": false, "devtools": false, "handleSIGHUP": true, "handleSIGINT": true, "handleSIGTERM": true, "slowMo": 0.0, "timeout": 30000.0, "tracesDir": "/home/administrateur/PhpstormProjects/swag_labs/tests/login/login_missing_credentials/browser/traces/temp/79fa9e3a-db3d-4267-8a4f-c87867c72fa2"}</msg>
<msg time="2026-03-20T15:57:27.815497" level="INFO">Starting Browser process /home/administrateur/PhpstormProjects/swag_labs/venv/lib/python3.12/site-packages/Browser/wrapper/index.js using at 127.0.0.1:47997</msg>
<msg time="2026-03-20T15:57:28.643658" level="INFO">Successfully created browser with options: {"browser":"chromium","headless":true,"chromiumSandbox":false,"devtools":false,"handleSIGHUP":true,"handleSIGINT":true,"handleSIGTERM":true,"slowMo":0,"timeout":30000,"tracesDir":"/home/administrateur/PhpstormProjects/swag_labs/tests/login/login_missing_credentials/browser/traces/temp/79fa9e3a-db3d-4267-8a4f-c87867c72fa2"}</msg>
<arg>chromium</arg>
<arg>headless=True</arg>
<tag>BrowserControl</tag>
<tag>Setter</tag>
<doc>Create a new playwright Browser with specified options.</doc>
<status status="PASS" start="2026-03-20T15:57:27.808459" elapsed="0.835413"/>
</kw>
<kw name="New Context" owner="Browser">
<msg time="2026-03-20T15:57:28.645058" level="INFO">{
  "acceptDownloads": true,
  "bypassCSP": false,
  "forcedColors": "none",
  "ignoreHTTPSErrors": false,
  "javaScriptEnabled": true,
  "offline": false,
  "reducedMotion": "no-preference",
  "serviceWorkers": "allow",
  "viewport": {
    "width": 1280,
    "height": 720
  }
}</msg>
<msg time="2026-03-20T15:57:28.657874" level="INFO">Successfully created context. </msg>
<msg time="2026-03-20T15:57:28.657950" level="INFO">{'acceptDownloads': True, 'bypassCSP': False, 'forcedColors': 'none', 'ignoreHTTPSErrors': False, 'javaScriptEnabled': True, 'offline': False, 'reducedMotion': 'no-preference', 'serviceWorkers': 'allow', 'viewport': {'width': 1280, 'height': 720}}</msg>
<tag>BrowserControl</tag>
<tag>Setter</tag>
<doc>Create a new BrowserContext with specified options.</doc>
<status status="PASS" start="2026-03-20T15:57:28.644073" elapsed="0.013941"/>
</kw>
<kw name="New Page" owner="Browser">
<msg time="2026-03-20T15:57:29.410577" level="INFO">Successfully initialized new page object and opened url: https://www.saucedemo.com/</msg>
<arg>${URL}</arg>
<tag>BrowserControl</tag>
<tag>Setter</tag>
<doc>Open a new Page.</doc>
<status status="PASS" start="2026-03-20T15:57:28.658161" elapsed="0.752720"/>
</kw>
<status status="PASS" start="2026-03-20T15:57:27.808007" elapsed="1.603012"/>
</kw>
<kw name="Fill Text" owner="Browser">
<msg time="2026-03-20T15:57:29.412038" level="INFO">Fills the text '' in the given field.</msg>
<arg>id=user-name</arg>
<arg>${EMPTY}</arg>
<tag>PageContent</tag>
<tag>Setter</tag>
<doc>Clears and fills the given ``txt`` into the text field found by ``selector``.</doc>
<status status="PASS" start="2026-03-20T15:57:29.411237" elapsed="0.044992"/>
</kw>
<kw name="Fill Text" owner="Browser">
<msg time="2026-03-20T15:57:29.457004" level="INFO">Fills the text 'secret_sauce' in the given field.</msg>
<arg>id=password</arg>
<arg>${PASSWORD}</arg>
<tag>PageContent</tag>
<tag>Setter</tag>
<doc>Clears and fills the given ``txt`` into the text field found by ``selector``.</doc>
<status status="PASS" start="2026-03-20T15:57:29.456495" elapsed="0.015147"/>
</kw>
<kw name="Click" owner="Browser">
<msg time="2026-03-20T15:57:29.472316" level="INFO">Clicks the element 'id=login-button'.</msg>
<arg>id=login-button</arg>
<tag>PageContent</tag>
<tag>Setter</tag>
<doc>Simulates mouse click on the element found by ``selector``.</doc>
<status status="PASS" start="2026-03-20T15:57:29.471888" elapsed="0.048347"/>
</kw>
<kw name="Wait For Elements State" owner="Browser">
<msg time="2026-03-20T15:57:29.532219" level="INFO">Waited for Element with selector css=[data-test="error"] at state visible</msg>
<arg>css=[data-test="error"]</arg>
<arg>visible</arg>
<arg>timeout=5s</arg>
<tag>PageContent</tag>
<tag>Wait</tag>
<doc>Waits for the element found by ``selector`` to satisfy state option.</doc>
<status status="PASS" start="2026-03-20T15:57:29.520483" elapsed="0.011862"/>
</kw>
<kw name="Get Element Count" owner="Browser">
<msg time="2026-03-20T15:57:29.539938" level="INFO">${addToCart} = 0</msg>
<var>${addToCart}</var>
<arg>css=[data-test="shopping-cart-link"]</arg>
<tag>Assertion</tag>
<tag>Getter</tag>
<tag>PageContent</tag>
<doc>Returns the count of elements found with ``selector``.</doc>
<status status="PASS" start="2026-03-20T15:57:29.532552" elapsed="0.007429"/>
</kw>
<kw name="Should Be Equal As Integers" owner="BuiltIn">
<msg time="2026-03-20T15:57:29.540534" level="INFO">Argument types are:
&lt;class 'int'&gt;
&lt;class 'str'&gt;</msg>
<arg>${addToCart}</arg>
<arg>0</arg>
<doc>Fails if objects are unequal after converting them to integers.</doc>
<status status="PASS" start="2026-03-20T15:57:29.540182" elapsed="0.000416"/>
</kw>
<kw name="Close Browser" owner="Browser">
<msg time="2026-03-20T15:57:29.575724" level="INFO">Closed browser</msg>
<tag>BrowserControl</tag>
<tag>Setter</tag>
<doc>Closes the current browser.</doc>
<status status="PASS" start="2026-03-20T15:57:29.540753" elapsed="0.035126"/>
</kw>
<tag>SWAG-59</tag>
<status status="PASS" start="2026-03-20T15:57:27.805973" elapsed="1.770124"/>
</test>
<test id="s1-t2" name="Login champ password vide" line="26">
<kw name="Log" owner="BuiltIn">
<msg time="2026-03-20T15:57:29.606983" level="INFO">Exécution SWAG-60 Login champ password vide</msg>
<arg>Exécution SWAG-60 Login champ password vide</arg>
<doc>Logs the given message with the given level.</doc>
<status status="PASS" start="2026-03-20T15:57:29.606616" elapsed="0.000413"/>
</kw>
<kw name="Open Login Page" owner="keywords">
<kw name="New Browser" owner="Browser">
<msg time="2026-03-20T15:57:29.608172" level="INFO">{"browser": "chromium", "headless": true, "chromiumSandbox": false, "devtools": false, "handleSIGHUP": true, "handleSIGINT": true, "handleSIGTERM": true, "slowMo": 0.0, "timeout": 30000.0, "tracesDir": "/home/administrateur/PhpstormProjects/swag_labs/tests/login/login_missing_credentials/browser/traces/temp/6b495ebb-35af-4f6f-b429-e0fcd435f9f9"}</msg>
<msg time="2026-03-20T15:57:29.673230" level="INFO">Successfully created browser with options: {"browser":"chromium","headless":true,"chromiumSandbox":false,"devtools":false,"handleSIGHUP":true,"handleSIGINT":true,"handleSIGTERM":true,"slowMo":0,"timeout":30000,"tracesDir":"/home/administrateur/PhpstormProjects/swag_labs/tests/login/login_missing_credentials/browser/traces/temp/6b495ebb-35af-4f6f-b429-e0fcd435f9f9"}</msg>
<arg>chromium</arg>
<arg>headless=True</arg>
<tag>BrowserControl</tag>
<tag>Setter</tag>
<doc>Create a new playwright Browser with specified options.</doc>
<status status="PASS" start="2026-03-20T15:57:29.607586" elapsed="0.065885"/>
</kw>
<kw name="New Context" owner="Browser">
<msg time="2026-03-20T15:57:29.674762" level="INFO">{
  "acceptDownloads": true,
  "bypassCSP": false,
  "forcedColors": "none",
  "ignoreHTTPSErrors": false,
  "javaScriptEnabled": true,
  "offline": false,
  "reducedMotion": "no-preference",
  "serviceWorkers": "allow",
  "viewport": {
    "width": 1280,
    "height": 720
  }
}</msg>
<msg time="2026-03-20T15:57:29.681134" level="INFO">Successfully created context. </msg>
<msg time="2026-03-20T15:57:29.681209" level="INFO">{'acceptDownloads': True, 'bypassCSP': False, 'forcedColors': 'none', 'ignoreHTTPSErrors': False, 'javaScriptEnabled': True, 'offline': False, 'reducedMotion': 'no-preference', 'serviceWorkers': 'allow', 'viewport': {'width': 1280, 'height': 720}}</msg>
<tag>BrowserControl</tag>
<tag>Setter</tag>
<doc>Create a new BrowserContext with specified options.</doc>
<status status="PASS" start="2026-03-20T15:57:29.673673" elapsed="0.007595"/>
</kw>
<kw name="New Page" owner="Browser">
<msg time="2026-03-20T15:57:30.067184" level="INFO">Successfully initialized new page object and opened url: https://www.saucedemo.com/</msg>
<arg>${URL}</arg>
<tag>BrowserControl</tag>
<tag>Setter</tag>
<doc>Open a new Page.</doc>
<status status="PASS" start="2026-03-20T15:57:29.681417" elapsed="0.386104"/>
</kw>
<status status="PASS" start="2026-03-20T15:57:29.607234" elapsed="0.460462"/>
</kw>
<kw name="Fill Text" owner="Browser">
<msg time="2026-03-20T15:57:30.069065" level="INFO">Fills the text 'standard_user' in the given field.</msg>
<arg>id=user-name</arg>
<arg>${USERNAME}</arg>
<tag>PageContent</tag>
<tag>Setter</tag>
<doc>Clears and fills the given ``txt`` into the text field found by ``selector``.</doc>
<status status="PASS" start="2026-03-20T15:57:30.068091" elapsed="0.036701"/>
</kw>
<kw name="Fill Text" owner="Browser">
<msg time="2026-03-20T15:57:30.105700" level="INFO">Fills the text '' in the given field.</msg>
<arg>id=password</arg>
<arg>${EMPTY}</arg>
<tag>PageContent</tag>
<tag>Setter</tag>
<doc>Clears and fills the given ``txt`` into the text field found by ``selector``.</doc>
<status status="PASS" start="2026-03-20T15:57:30.105032" elapsed="0.013113"/>
</kw>
<kw name="Click" owner="Browser">
<msg time="2026-03-20T15:57:30.118866" level="INFO">Clicks the element 'id=login-button'.</msg>
<arg>id=login-button</arg>
<tag>PageContent</tag>
<tag>Setter</tag>
<doc>Simulates mouse click on the element found by ``selector``.</doc>
<status status="PASS" start="2026-03-20T15:57:30.118388" elapsed="0.056519"/>
</kw>
<kw name="Wait For Elements State" owner="Browser">
<msg time="2026-03-20T15:57:30.184070" level="INFO">Waited for Element with selector css=[data-test="error"] at state visible</msg>
<arg>css=[data-test="error"]</arg>
<arg>visible</arg>
<arg>timeout=5s</arg>
<tag>PageContent</tag>
<tag>Wait</tag>
<doc>Waits for the element found by ``selector`` to satisfy state option.</doc>
<status status="PASS" start="2026-03-20T15:57:30.175136" elapsed="0.009173"/>
</kw>
<kw name="Get Element Count" owner="Browser">
<msg time="2026-03-20T15:57:30.191567" level="INFO">${addToCart} = 0</msg>
<var>${addToCart}</var>
<arg>css=[data-test="shopping-cart-link"]</arg>
<tag>Assertion</tag>
<tag>Getter</tag>
<tag>PageContent</tag>
<doc>Returns the count of elements found with ``selector``.</doc>
<status status="PASS" start="2026-03-20T15:57:30.184658" elapsed="0.006992"/>
</kw>
<kw name="Should Be Equal As Integers" owner="BuiltIn">
<msg time="2026-03-20T15:57:30.192392" level="INFO">Argument types are:
&lt;class 'int'&gt;
&lt;class 'str'&gt;</msg>
<arg>${addToCart}</arg>
<arg>0</arg>
<doc>Fails if objects are unequal after converting them to integers.</doc>
<status status="PASS" start="2026-03-20T15:57:30.191952" elapsed="0.000519"/>
</kw>
<kw name="Close Browser" owner="Browser">
<msg time="2026-03-20T15:57:30.230510" level="INFO">Closed browser</msg>
<tag>BrowserControl</tag>
<tag>Setter</tag>
<doc>Closes the current browser.</doc>
<status status="PASS" start="2026-03-20T15:57:30.192678" elapsed="0.038105"/>
</kw>
<tag>SWAG-60</tag>
<status status="PASS" start="2026-03-20T15:57:29.603934" elapsed="0.627223"/>
</test>
<status status="PASS" start="2026-03-20T15:57:27.646256" elapsed="2.591785"/>
</suite>
<statistics>
<total>
<stat pass="2" fail="0" skip="0">All Tests</stat>
</total>
<tag>
<stat pass="1" fail="0" skip="0">SWAG-59</stat>
<stat pass="1" fail="0" skip="0">SWAG-60</stat>
</tag>
<suite>
<stat name="Login Missing Credentials Tests" id="s1" pass="2" fail="0" skip="0">Login Missing Credentials Tests</stat>
</suite>
</statistics>
<errors>
</errors>
</robot>
