<?xml version="1.0" encoding="UTF-8"?>
<robot generator="Robot 7.4.1 (Python 3.12.3 on linux)" generated="2026-03-07T14:18:55.531255" rpa="false" schemaversion="5">
<suite id="s1" name="Login Standard User Tests" source="/home/administrateur/PhpstormProjects/swag_labs/tests/login/login_standard_user/login_standard_user_tests.robot">
<test id="s1-t1" name="Login standard user successfully" line="10">
<kw name="Log" owner="BuiltIn">
<msg time="2026-03-07T14:18:55.652406" level="INFO">Execution SWAG-25 Login identifiants valides</msg>
<arg>Execution SWAG-25 Login identifiants valides</arg>
<doc>Logs the given message with the given level.</doc>
<status status="PASS" start="2026-03-07T14:18:55.652023" elapsed="0.000442"/>
</kw>
<kw name="Open Login Page" owner="keywords">
<kw name="New Browser" owner="Browser">
<msg time="2026-03-07T14:18:55.653454" level="INFO">{"browser": "chromium", "headless": false, "chromiumSandbox": false, "devtools": false, "handleSIGHUP": true, "handleSIGINT": true, "handleSIGTERM": true, "slowMo": 0.0, "timeout": 30000.0, "tracesDir": "/home/administrateur/PhpstormProjects/swag_labs/tests/login/browser/traces/temp/d162e18a-aa7f-4bcf-8220-88a9e562fe5e"}</msg>
<msg time="2026-03-07T14:18:55.659008" level="INFO">Starting Browser process /home/administrateur/PhpstormProjects/swag_labs/venv/lib/python3.12/site-packages/Browser/wrapper/index.js using at 127.0.0.1:46091</msg>
<msg time="2026-03-07T14:18:56.436113" level="INFO">Successfully created browser with options: {"browser":"chromium","headless":false,"chromiumSandbox":false,"devtools":false,"handleSIGHUP":true,"handleSIGINT":true,"handleSIGTERM":true,"slowMo":0,"timeout":30000,"tracesDir":"/home/administrateur/PhpstormProjects/swag_labs/tests/login/browser/traces/temp/d162e18a-aa7f-4bcf-8220-88a9e562fe5e"}</msg>
<arg>chromium</arg>
<arg>headless=False</arg>
<tag>BrowserControl</tag>
<tag>Setter</tag>
<doc>Create a new playwright Browser with specified options.</doc>
<status status="PASS" start="2026-03-07T14:18:55.652961" elapsed="0.783528"/>
</kw>
<kw name="New Context" owner="Browser">
<msg time="2026-03-07T14:18:56.438056" level="INFO">{
  "acceptDownloads": true,
  "bypassCSP": false,
  "forcedColors": "none",
  "ignoreHTTPSErrors": false,
  "javaScriptEnabled": true,
  "offline": false,
  "reducedMotion": "no-preference",
  "serviceWorkers": "allow",
  "viewport": {
    "width": 1280,
    "height": 720
  }
}</msg>
<msg time="2026-03-07T14:18:56.454282" level="INFO">Successfully created context. </msg>
<msg time="2026-03-07T14:18:56.454354" level="INFO">{'acceptDownloads': True, 'bypassCSP': False, 'forcedColors': 'none', 'ignoreHTTPSErrors': False, 'javaScriptEnabled': True, 'offline': False, 'reducedMotion': 'no-preference', 'serviceWorkers': 'allow', 'viewport': {'width': 1280, 'height': 720}}</msg>
<tag>BrowserControl</tag>
<tag>Setter</tag>
<doc>Create a new BrowserContext with specified options.</doc>
<status status="PASS" start="2026-03-07T14:18:56.436723" elapsed="0.017701"/>
</kw>
<kw name="New Page" owner="Browser">
<msg time="2026-03-07T14:18:57.618727" level="INFO">Successfully initialized new page object and opened url: https://www.saucedemo.com/</msg>
<arg>${URL}</arg>
<tag>BrowserControl</tag>
<tag>Setter</tag>
<doc>Open a new Page.</doc>
<status status="PASS" start="2026-03-07T14:18:56.454588" elapsed="1.164391"/>
</kw>
<status status="PASS" start="2026-03-07T14:18:55.652678" elapsed="1.966432"/>
</kw>
<kw name="Fill Text" owner="Browser">
<msg time="2026-03-07T14:18:57.620044" level="INFO">Fills the text 'standard_user' in the given field.</msg>
<arg>id=user-name</arg>
<arg>${USERNAME}</arg>
<tag>PageContent</tag>
<tag>Setter</tag>
<doc>Clears and fills the given ``txt`` into the text field found by ``selector``.</doc>
<status status="PASS" start="2026-03-07T14:18:57.619303" elapsed="0.053363"/>
</kw>
<kw name="Fill Text" owner="Browser">
<msg time="2026-03-07T14:18:57.673415" level="INFO">Fills the text 'secret_sauce' in the given field.</msg>
<arg>id=password</arg>
<arg>${PASSWORD}</arg>
<tag>PageContent</tag>
<tag>Setter</tag>
<doc>Clears and fills the given ``txt`` into the text field found by ``selector``.</doc>
<status status="PASS" start="2026-03-07T14:18:57.672938" elapsed="0.014749"/>
</kw>
<kw name="Click" owner="Browser">
<msg time="2026-03-07T14:18:57.688505" level="INFO">Clicks the element 'id=login-button'.</msg>
<arg>id=login-button</arg>
<tag>PageContent</tag>
<tag>Setter</tag>
<doc>Simulates mouse click on the element found by ``selector``.</doc>
<status status="PASS" start="2026-03-07T14:18:57.687969" elapsed="0.186423"/>
</kw>
<kw name="Wait For Elements State" owner="Browser">
<msg time="2026-03-07T14:18:57.888892" level="INFO">Waited for Element with selector text="Swag Labs" at state visible</msg>
<arg>text="Swag Labs"</arg>
<arg>visible</arg>
<arg>timeout=5s</arg>
<tag>PageContent</tag>
<tag>Wait</tag>
<doc>Waits for the element found by ``selector`` to satisfy state option.</doc>
<status status="PASS" start="2026-03-07T14:18:57.874677" elapsed="0.014371"/>
</kw>
<kw name="Close Browser" owner="Browser">
<msg time="2026-03-07T14:18:58.084109" level="INFO">Closed browser</msg>
<tag>BrowserControl</tag>
<tag>Setter</tag>
<doc>Closes the current browser.</doc>
<status status="PASS" start="2026-03-07T14:18:57.889326" elapsed="0.194993"/>
</kw>
<tag>SWAG-25</tag>
<status status="PASS" start="2026-03-07T14:18:55.651332" elapsed="2.433269"/>
</test>
<test id="s1-t2" name="Login standard user wrong username" line="23">
<kw name="Log" owner="BuiltIn">
<msg time="2026-03-07T14:18:58.112009" level="INFO">Execution SWAG-26 Login nom d'utilisateur invalide</msg>
<arg>Execution SWAG-26 Login nom d'utilisateur invalide</arg>
<doc>Logs the given message with the given level.</doc>
<status status="PASS" start="2026-03-07T14:18:58.111661" elapsed="0.000393"/>
</kw>
<kw name="Open Login Page" owner="keywords">
<kw name="New Browser" owner="Browser">
<msg time="2026-03-07T14:18:58.113014" level="INFO">{"browser": "chromium", "headless": false, "chromiumSandbox": false, "devtools": false, "handleSIGHUP": true, "handleSIGINT": true, "handleSIGTERM": true, "slowMo": 0.0, "timeout": 30000.0, "tracesDir": "/home/administrateur/PhpstormProjects/swag_labs/tests/login/browser/traces/temp/e2002643-f076-4fa6-a2fe-a3229e1387e7"}</msg>
<msg time="2026-03-07T14:18:58.383415" level="INFO">Successfully created browser with options: {"browser":"chromium","headless":false,"chromiumSandbox":false,"devtools":false,"handleSIGHUP":true,"handleSIGINT":true,"handleSIGTERM":true,"slowMo":0,"timeout":30000,"tracesDir":"/home/administrateur/PhpstormProjects/swag_labs/tests/login/browser/traces/temp/e2002643-f076-4fa6-a2fe-a3229e1387e7"}</msg>
<arg>chromium</arg>
<arg>headless=False</arg>
<tag>BrowserControl</tag>
<tag>Setter</tag>
<doc>Create a new playwright Browser with specified options.</doc>
<status status="PASS" start="2026-03-07T14:18:58.112494" elapsed="0.271256"/>
</kw>
<kw name="New Context" owner="Browser">
<msg time="2026-03-07T14:18:58.385905" level="INFO">{
  "acceptDownloads": true,
  "bypassCSP": false,
  "forcedColors": "none",
  "ignoreHTTPSErrors": false,
  "javaScriptEnabled": true,
  "offline": false,
  "reducedMotion": "no-preference",
  "serviceWorkers": "allow",
  "viewport": {
    "width": 1280,
    "height": 720
  }
}</msg>
<msg time="2026-03-07T14:18:58.399728" level="INFO">Successfully created context. </msg>
<msg time="2026-03-07T14:18:58.399824" level="INFO">{'acceptDownloads': True, 'bypassCSP': False, 'forcedColors': 'none', 'ignoreHTTPSErrors': False, 'javaScriptEnabled': True, 'offline': False, 'reducedMotion': 'no-preference', 'serviceWorkers': 'allow', 'viewport': {'width': 1280, 'height': 720}}</msg>
<tag>BrowserControl</tag>
<tag>Setter</tag>
<doc>Create a new BrowserContext with specified options.</doc>
<status status="PASS" start="2026-03-07T14:18:58.384107" elapsed="0.015784"/>
</kw>
<kw name="New Page" owner="Browser">
<msg time="2026-03-07T14:18:58.932576" level="INFO">Successfully initialized new page object and opened url: https://www.saucedemo.com/</msg>
<arg>${URL}</arg>
<tag>BrowserControl</tag>
<tag>Setter</tag>
<doc>Open a new Page.</doc>
<status status="PASS" start="2026-03-07T14:18:58.400056" elapsed="0.532880"/>
</kw>
<status status="PASS" start="2026-03-07T14:18:58.112251" elapsed="0.820942"/>
</kw>
<kw name="Fill Text" owner="Browser">
<msg time="2026-03-07T14:18:58.934123" level="INFO">Fills the text 'wrong_username' in the given field.</msg>
<arg>id=user-name</arg>
<arg>${WRONGUSERNAME}</arg>
<tag>PageContent</tag>
<tag>Setter</tag>
<doc>Clears and fills the given ``txt`` into the text field found by ``selector``.</doc>
<status status="PASS" start="2026-03-07T14:18:58.933450" elapsed="0.042329"/>
</kw>
<kw name="Fill Text" owner="Browser">
<msg time="2026-03-07T14:18:58.976827" level="INFO">Fills the text 'secret_sauce' in the given field.</msg>
<arg>id=password</arg>
<arg>${PASSWORD}</arg>
<tag>PageContent</tag>
<tag>Setter</tag>
<doc>Clears and fills the given ``txt`` into the text field found by ``selector``.</doc>
<status status="PASS" start="2026-03-07T14:18:58.976100" elapsed="0.018167"/>
</kw>
<kw name="Click" owner="Browser">
<msg time="2026-03-07T14:18:58.995629" level="INFO">Clicks the element 'id=login-button'.</msg>
<arg>id=login-button</arg>
<tag>PageContent</tag>
<tag>Setter</tag>
<doc>Simulates mouse click on the element found by ``selector``.</doc>
<status status="PASS" start="2026-03-07T14:18:58.994642" elapsed="0.085554"/>
</kw>
<kw name="Wait For Elements State" owner="Browser">
<msg time="2026-03-07T14:18:59.091449" level="INFO">Waited for Element with selector css=[data-test="error"] at state visible</msg>
<arg>css=[data-test="error"]</arg>
<arg>visible</arg>
<arg>timeout=5s</arg>
<tag>PageContent</tag>
<tag>Wait</tag>
<doc>Waits for the element found by ``selector`` to satisfy state option.</doc>
<status status="PASS" start="2026-03-07T14:18:59.080477" elapsed="0.011316"/>
</kw>
<kw name="Get Element Count" owner="Browser">
<msg time="2026-03-07T14:18:59.103476" level="INFO">${productsText} = 0</msg>
<var>${productsText}</var>
<arg>text="Products"</arg>
<tag>Assertion</tag>
<tag>Getter</tag>
<tag>PageContent</tag>
<doc>Returns the count of elements found with ``selector``.</doc>
<status status="PASS" start="2026-03-07T14:18:59.092139" elapsed="0.011403"/>
</kw>
<kw name="Should Be Equal As Integers" owner="BuiltIn">
<msg time="2026-03-07T14:18:59.104368" level="INFO">Argument types are:
&lt;class 'int'&gt;
&lt;class 'str'&gt;</msg>
<arg>${productsText}</arg>
<arg>0</arg>
<doc>Fails if objects are unequal after converting them to integers.</doc>
<status status="PASS" start="2026-03-07T14:18:59.103869" elapsed="0.000579"/>
</kw>
<kw name="Get Element Count" owner="Browser">
<msg time="2026-03-07T14:18:59.111133" level="INFO">${addToCart} = 0</msg>
<var>${addToCart}</var>
<arg>css=[data-test="add-to-cart-sauce-labs-backpack"]</arg>
<tag>Assertion</tag>
<tag>Getter</tag>
<tag>PageContent</tag>
<doc>Returns the count of elements found with ``selector``.</doc>
<status status="PASS" start="2026-03-07T14:18:59.104712" elapsed="0.006478"/>
</kw>
<kw name="Should Be Equal As Integers" owner="BuiltIn">
<msg time="2026-03-07T14:18:59.112048" level="INFO">Argument types are:
&lt;class 'int'&gt;
&lt;class 'str'&gt;</msg>
<arg>${addToCart}</arg>
<arg>0</arg>
<doc>Fails if objects are unequal after converting them to integers.</doc>
<status status="PASS" start="2026-03-07T14:18:59.111523" elapsed="0.000611"/>
</kw>
<kw name="Close Browser" owner="Browser">
<msg time="2026-03-07T14:18:59.483089" level="INFO">Closed browser</msg>
<tag>BrowserControl</tag>
<tag>Setter</tag>
<doc>Closes the current browser.</doc>
<status status="PASS" start="2026-03-07T14:18:59.112382" elapsed="0.370862"/>
</kw>
<tag>SWAG-26</tag>
<status status="PASS" start="2026-03-07T14:18:58.109301" elapsed="1.374131"/>
</test>
<test id="s1-t3" name="Login standard user wrong password" line="42">
<kw name="Log" owner="BuiltIn">
<msg time="2026-03-07T14:18:59.490309" level="INFO">Exécution SWAG-30 Login mot de passe invalide</msg>
<arg>Exécution SWAG-30 Login mot de passe invalide</arg>
<doc>Logs the given message with the given level.</doc>
<status status="PASS" start="2026-03-07T14:18:59.489963" elapsed="0.000394"/>
</kw>
<kw name="Open Login Page" owner="keywords">
<kw name="New Browser" owner="Browser">
<msg time="2026-03-07T14:18:59.491337" level="INFO">{"browser": "chromium", "headless": false, "chromiumSandbox": false, "devtools": false, "handleSIGHUP": true, "handleSIGINT": true, "handleSIGTERM": true, "slowMo": 0.0, "timeout": 30000.0, "tracesDir": "/home/administrateur/PhpstormProjects/swag_labs/tests/login/browser/traces/temp/db4d2882-a6b7-409a-ae57-3637bfaf0a6d"}</msg>
<msg time="2026-03-07T14:18:59.742726" level="INFO">Successfully created browser with options: {"browser":"chromium","headless":false,"chromiumSandbox":false,"devtools":false,"handleSIGHUP":true,"handleSIGINT":true,"handleSIGTERM":true,"slowMo":0,"timeout":30000,"tracesDir":"/home/administrateur/PhpstormProjects/swag_labs/tests/login/browser/traces/temp/db4d2882-a6b7-409a-ae57-3637bfaf0a6d"}</msg>
<arg>chromium</arg>
<arg>headless=False</arg>
<tag>BrowserControl</tag>
<tag>Setter</tag>
<doc>Create a new playwright Browser with specified options.</doc>
<status status="PASS" start="2026-03-07T14:18:59.490861" elapsed="0.252244"/>
</kw>
<kw name="New Context" owner="Browser">
<msg time="2026-03-07T14:18:59.745289" level="INFO">{
  "acceptDownloads": true,
  "bypassCSP": false,
  "forcedColors": "none",
  "ignoreHTTPSErrors": false,
  "javaScriptEnabled": true,
  "offline": false,
  "reducedMotion": "no-preference",
  "serviceWorkers": "allow",
  "viewport": {
    "width": 1280,
    "height": 720
  }
}</msg>
<msg time="2026-03-07T14:18:59.758436" level="INFO">Successfully created context. </msg>
<msg time="2026-03-07T14:18:59.758538" level="INFO">{'acceptDownloads': True, 'bypassCSP': False, 'forcedColors': 'none', 'ignoreHTTPSErrors': False, 'javaScriptEnabled': True, 'offline': False, 'reducedMotion': 'no-preference', 'serviceWorkers': 'allow', 'viewport': {'width': 1280, 'height': 720}}</msg>
<tag>BrowserControl</tag>
<tag>Setter</tag>
<doc>Create a new BrowserContext with specified options.</doc>
<status status="PASS" start="2026-03-07T14:18:59.743447" elapsed="0.015177"/>
</kw>
<kw name="New Page" owner="Browser">
<msg time="2026-03-07T14:19:00.295604" level="INFO">Successfully initialized new page object and opened url: https://www.saucedemo.com/</msg>
<arg>${URL}</arg>
<tag>BrowserControl</tag>
<tag>Setter</tag>
<doc>Open a new Page.</doc>
<status status="PASS" start="2026-03-07T14:18:59.758872" elapsed="0.536986"/>
</kw>
<status status="PASS" start="2026-03-07T14:18:59.490530" elapsed="0.805444"/>
</kw>
<kw name="Fill Text" owner="Browser">
<msg time="2026-03-07T14:19:00.296810" level="INFO">Fills the text 'standard_user' in the given field.</msg>
<arg>id=user-name</arg>
<arg>${USERNAME}</arg>
<tag>PageContent</tag>
<tag>Setter</tag>
<doc>Clears and fills the given ``txt`` into the text field found by ``selector``.</doc>
<status status="PASS" start="2026-03-07T14:19:00.296187" elapsed="0.036602"/>
</kw>
<kw name="Fill Text" owner="Browser">
<msg time="2026-03-07T14:19:00.333440" level="INFO">Fills the text 'wrong_password' in the given field.</msg>
<arg>id=password</arg>
<arg>${WRONGPASSWORD}</arg>
<tag>PageContent</tag>
<tag>Setter</tag>
<doc>Clears and fills the given ``txt`` into the text field found by ``selector``.</doc>
<status status="PASS" start="2026-03-07T14:19:00.333010" elapsed="0.014802"/>
</kw>
<kw name="Click" owner="Browser">
<msg time="2026-03-07T14:19:00.348548" level="INFO">Clicks the element 'id=login-button'.</msg>
<arg>id=login-button</arg>
<tag>PageContent</tag>
<tag>Setter</tag>
<doc>Simulates mouse click on the element found by ``selector``.</doc>
<status status="PASS" start="2026-03-07T14:19:00.348066" elapsed="0.065966"/>
</kw>
<kw name="Wait For Elements State" owner="Browser">
<msg time="2026-03-07T14:19:00.423515" level="INFO">Waited for Element with selector css=[data-test="error"] at state visible</msg>
<arg>css=[data-test="error"]</arg>
<arg>visible</arg>
<arg>timeout=5s</arg>
<tag>PageContent</tag>
<tag>Wait</tag>
<doc>Waits for the element found by ``selector`` to satisfy state option.</doc>
<status status="PASS" start="2026-03-07T14:19:00.414360" elapsed="0.009400"/>
</kw>
<kw name="Get Element Count" owner="Browser">
<msg time="2026-03-07T14:19:00.431088" level="INFO">${addToCart} = 0</msg>
<var>${addToCart}</var>
<arg>css=[data-test="shopping-cart-link"]</arg>
<tag>Assertion</tag>
<tag>Getter</tag>
<tag>PageContent</tag>
<doc>Returns the count of elements found with ``selector``.</doc>
<status status="PASS" start="2026-03-07T14:19:00.424110" elapsed="0.007046"/>
</kw>
<kw name="Should Be Equal As Integers" owner="BuiltIn">
<msg time="2026-03-07T14:19:00.432171" level="INFO">Argument types are:
&lt;class 'int'&gt;
&lt;class 'str'&gt;</msg>
<arg>${addToCart}</arg>
<arg>0</arg>
<doc>Fails if objects are unequal after converting them to integers.</doc>
<status status="PASS" start="2026-03-07T14:19:00.431491" elapsed="0.000776"/>
</kw>
<kw name="Close Browser" owner="Browser">
<msg time="2026-03-07T14:19:00.828772" level="INFO">Closed browser</msg>
<tag>BrowserControl</tag>
<tag>Setter</tag>
<doc>Closes the current browser.</doc>
<status status="PASS" start="2026-03-07T14:19:00.432564" elapsed="0.396476"/>
</kw>
<tag>SWAG-30</tag>
<status status="PASS" start="2026-03-07T14:18:59.487766" elapsed="1.341537"/>
</test>
<status status="PASS" start="2026-03-07T14:18:55.531975" elapsed="5.303174"/>
</suite>
<statistics>
<total>
<stat pass="3" fail="0" skip="0">All Tests</stat>
</total>
<tag>
<stat pass="1" fail="0" skip="0">SWAG-25</stat>
<stat pass="1" fail="0" skip="0">SWAG-26</stat>
<stat pass="1" fail="0" skip="0">SWAG-30</stat>
</tag>
<suite>
<stat name="Login Standard User Tests" id="s1" pass="3" fail="0" skip="0">Login Standard User Tests</stat>
</suite>
</statistics>
<errors>
</errors>
</robot>
