<?xml version="1.0" encoding="UTF-8"?>
<robot generator="Robot 7.4.1 (Python 3.12.3 on linux)" generated="2026-03-06T12:38:53.832507" rpa="false" schemaversion="5">
<suite id="s1" name="Login Standard User" source="/home/administrateur/PhpstormProjects/swag_labs/tests/login/login_standard_user">
<suite id="s1-s1" name="Login Standard User Tests" source="/home/administrateur/PhpstormProjects/swag_labs/tests/login/login_standard_user/login_standard_user_tests.robot">
<test id="s1-s1-t1" name="SWAG-25 Login identifiants valides" line="18">
<kw name="Open Login Page">
<kw name="New Browser" owner="Browser">
<msg time="2026-03-06T12:38:54.092898" level="INFO">{"browser": "chromium", "headless": false, "chromiumSandbox": false, "devtools": false, "handleSIGHUP": true, "handleSIGINT": true, "handleSIGTERM": true, "slowMo": 0.0, "timeout": 30000.0, "tracesDir": "/home/administrateur/PhpstormProjects/swag_labs/tests/login/login_standard_user/browser/traces/temp/f468f3d8-3564-4fb1-918f-744bbd640a42"}</msg>
<msg time="2026-03-06T12:38:54.103985" level="INFO">Starting Browser process /home/administrateur/PhpstormProjects/swag_labs/venv/lib/python3.12/site-packages/Browser/wrapper/index.js using at 127.0.0.1:37411</msg>
<msg time="2026-03-06T12:38:55.621647" level="INFO">Successfully created browser with options: {"browser":"chromium","headless":false,"chromiumSandbox":false,"devtools":false,"handleSIGHUP":true,"handleSIGINT":true,"handleSIGTERM":true,"slowMo":0,"timeout":30000,"tracesDir":"/home/administrateur/PhpstormProjects/swag_labs/tests/login/login_standard_user/browser/traces/temp/f468f3d8-3564-4fb1-918f-744bbd640a42"}</msg>
<arg>chromium</arg>
<arg>headless=False</arg>
<tag>BrowserControl</tag>
<tag>Setter</tag>
<doc>Create a new playwright Browser with specified options.</doc>
<status status="PASS" start="2026-03-06T12:38:54.091813" elapsed="1.530113"/>
</kw>
<kw name="New Context" owner="Browser">
<msg time="2026-03-06T12:38:55.624288" level="INFO">{
  "acceptDownloads": true,
  "bypassCSP": false,
  "forcedColors": "none",
  "ignoreHTTPSErrors": false,
  "javaScriptEnabled": true,
  "offline": false,
  "reducedMotion": "no-preference",
  "serviceWorkers": "allow",
  "viewport": {
    "width": 1280,
    "height": 720
  }
}</msg>
<msg time="2026-03-06T12:38:55.648834" level="INFO">Successfully created context. </msg>
<msg time="2026-03-06T12:38:55.648984" level="INFO">{'acceptDownloads': True, 'bypassCSP': False, 'forcedColors': 'none', 'ignoreHTTPSErrors': False, 'javaScriptEnabled': True, 'offline': False, 'reducedMotion': 'no-preference', 'serviceWorkers': 'allow', 'viewport': {'width': 1280, 'height': 720}}</msg>
<tag>BrowserControl</tag>
<tag>Setter</tag>
<doc>Create a new BrowserContext with specified options.</doc>
<status status="PASS" start="2026-03-06T12:38:55.622236" elapsed="0.026916"/>
</kw>
<kw name="New Page" owner="Browser">
<msg time="2026-03-06T12:38:56.657116" level="INFO">Successfully initialized new page object and opened url: https://www.saucedemo.com/</msg>
<arg>${URL}</arg>
<tag>BrowserControl</tag>
<tag>Setter</tag>
<doc>Open a new Page.</doc>
<status status="PASS" start="2026-03-06T12:38:55.649499" elapsed="1.007877"/>
</kw>
<status status="PASS" start="2026-03-06T12:38:54.090499" elapsed="2.567052"/>
</kw>
<kw name="Fill Text" owner="Browser">
<msg time="2026-03-06T12:38:56.658629" level="INFO">Fills the text 'standard_user' in the given field.</msg>
<arg>id=user-name</arg>
<arg>${USERNAME}</arg>
<tag>PageContent</tag>
<tag>Setter</tag>
<doc>Clears and fills the given ``txt`` into the text field found by ``selector``.</doc>
<status status="PASS" start="2026-03-06T12:38:56.657852" elapsed="0.084921"/>
</kw>
<kw name="Fill Text" owner="Browser">
<msg time="2026-03-06T12:38:56.743961" level="INFO">Fills the text 'secret_sauce' in the given field.</msg>
<arg>id=password</arg>
<arg>${PASSWORD}</arg>
<tag>PageContent</tag>
<tag>Setter</tag>
<doc>Clears and fills the given ``txt`` into the text field found by ``selector``.</doc>
<status status="PASS" start="2026-03-06T12:38:56.743165" elapsed="0.024895"/>
</kw>
<kw name="Click" owner="Browser">
<msg time="2026-03-06T12:38:56.769784" level="INFO">Clicks the element 'id=login-button'.</msg>
<arg>id=login-button</arg>
<tag>PageContent</tag>
<tag>Setter</tag>
<doc>Simulates mouse click on the element found by ``selector``.</doc>
<status status="PASS" start="2026-03-06T12:38:56.768600" elapsed="0.636989"/>
</kw>
<kw name="Wait For Elements State" owner="Browser">
<msg time="2026-03-06T12:38:57.443602" level="INFO">Waited for Element with selector text="Swag Labs" at state visible</msg>
<arg>text="Swag Labs"</arg>
<arg>visible</arg>
<arg>timeout=5s</arg>
<tag>PageContent</tag>
<tag>Wait</tag>
<doc>Waits for the element found by ``selector`` to satisfy state option.</doc>
<status status="PASS" start="2026-03-06T12:38:57.406089" elapsed="0.037892"/>
</kw>
<kw name="Close Browser" owner="Browser">
<msg time="2026-03-06T12:38:57.932123" level="INFO">Closed browser</msg>
<tag>BrowserControl</tag>
<tag>Setter</tag>
<doc>Closes the current browser.</doc>
<status status="PASS" start="2026-03-06T12:38:57.444507" elapsed="0.487822"/>
</kw>
<status status="PASS" start="2026-03-06T12:38:54.089395" elapsed="3.843262"/>
</test>
<test id="s1-s1-t2" name="SWAG-26 Login nom d'utilisateur invalide" line="29">
<kw name="Open Login Page">
<kw name="New Browser" owner="Browser">
<msg time="2026-03-06T12:38:57.968614" level="INFO">{"browser": "chromium", "headless": false, "chromiumSandbox": false, "devtools": false, "handleSIGHUP": true, "handleSIGINT": true, "handleSIGTERM": true, "slowMo": 0.0, "timeout": 30000.0, "tracesDir": "/home/administrateur/PhpstormProjects/swag_labs/tests/login/login_standard_user/browser/traces/temp/fa004a0f-3cc3-4876-bf98-27fcd82e870e"}</msg>
<msg time="2026-03-06T12:38:58.391552" level="INFO">Successfully created browser with options: {"browser":"chromium","headless":false,"chromiumSandbox":false,"devtools":false,"handleSIGHUP":true,"handleSIGINT":true,"handleSIGTERM":true,"slowMo":0,"timeout":30000,"tracesDir":"/home/administrateur/PhpstormProjects/swag_labs/tests/login/login_standard_user/browser/traces/temp/fa004a0f-3cc3-4876-bf98-27fcd82e870e"}</msg>
<arg>chromium</arg>
<arg>headless=False</arg>
<tag>BrowserControl</tag>
<tag>Setter</tag>
<doc>Create a new playwright Browser with specified options.</doc>
<status status="PASS" start="2026-03-06T12:38:57.967779" elapsed="0.424109"/>
</kw>
<kw name="New Context" owner="Browser">
<msg time="2026-03-06T12:38:58.394768" level="INFO">{
  "acceptDownloads": true,
  "bypassCSP": false,
  "forcedColors": "none",
  "ignoreHTTPSErrors": false,
  "javaScriptEnabled": true,
  "offline": false,
  "reducedMotion": "no-preference",
  "serviceWorkers": "allow",
  "viewport": {
    "width": 1280,
    "height": 720
  }
}</msg>
<msg time="2026-03-06T12:38:58.412397" level="INFO">Successfully created context. </msg>
<msg time="2026-03-06T12:38:58.412540" level="INFO">{'acceptDownloads': True, 'bypassCSP': False, 'forcedColors': 'none', 'ignoreHTTPSErrors': False, 'javaScriptEnabled': True, 'offline': False, 'reducedMotion': 'no-preference', 'serviceWorkers': 'allow', 'viewport': {'width': 1280, 'height': 720}}</msg>
<tag>BrowserControl</tag>
<tag>Setter</tag>
<doc>Create a new BrowserContext with specified options.</doc>
<status status="PASS" start="2026-03-06T12:38:58.392198" elapsed="0.020536"/>
</kw>
<kw name="New Page" owner="Browser">
<msg time="2026-03-06T12:38:59.264843" level="INFO">Successfully initialized new page object and opened url: https://www.saucedemo.com/</msg>
<arg>${URL}</arg>
<tag>BrowserControl</tag>
<tag>Setter</tag>
<doc>Open a new Page.</doc>
<status status="PASS" start="2026-03-06T12:38:58.413064" elapsed="0.852064"/>
</kw>
<status status="PASS" start="2026-03-06T12:38:57.967262" elapsed="1.298044"/>
</kw>
<kw name="Fill Text" owner="Browser">
<msg time="2026-03-06T12:38:59.266461" level="INFO">Fills the text 'wrong_username' in the given field.</msg>
<arg>id=user-name</arg>
<arg>${WRONGUSERNAME}</arg>
<tag>PageContent</tag>
<tag>Setter</tag>
<doc>Clears and fills the given ``txt`` into the text field found by ``selector``.</doc>
<status status="PASS" start="2026-03-06T12:38:59.265598" elapsed="0.063154"/>
</kw>
<kw name="Fill Text" owner="Browser">
<msg time="2026-03-06T12:38:59.329965" level="INFO">Fills the text 'secret_sauce' in the given field.</msg>
<arg>id=password</arg>
<arg>${PASSWORD}</arg>
<tag>PageContent</tag>
<tag>Setter</tag>
<doc>Clears and fills the given ``txt`` into the text field found by ``selector``.</doc>
<status status="PASS" start="2026-03-06T12:38:59.329190" elapsed="0.018736"/>
</kw>
<kw name="Click" owner="Browser">
<msg time="2026-03-06T12:38:59.348944" level="INFO">Clicks the element 'id=login-button'.</msg>
<arg>id=login-button</arg>
<tag>PageContent</tag>
<tag>Setter</tag>
<doc>Simulates mouse click on the element found by ``selector``.</doc>
<status status="PASS" start="2026-03-06T12:38:59.348239" elapsed="0.164234"/>
</kw>
<kw name="Wait For Elements State" owner="Browser">
<msg time="2026-03-06T12:38:59.528466" level="INFO">Waited for Element with selector css=[data-test="error"] at state visible</msg>
<arg>css=[data-test="error"]</arg>
<arg>visible</arg>
<arg>timeout=5s</arg>
<tag>PageContent</tag>
<tag>Wait</tag>
<doc>Waits for the element found by ``selector`` to satisfy state option.</doc>
<status status="PASS" start="2026-03-06T12:38:59.512960" elapsed="0.015760"/>
</kw>
<kw name="Get Element Count" owner="Browser">
<msg time="2026-03-06T12:38:59.545355" level="INFO">${productsText} = 0</msg>
<var>${productsText}</var>
<arg>text="Products"</arg>
<tag>Assertion</tag>
<tag>Getter</tag>
<tag>PageContent</tag>
<doc>Returns the count of elements found with ``selector``.</doc>
<status status="PASS" start="2026-03-06T12:38:59.529037" elapsed="0.016398"/>
</kw>
<kw name="Should Be Equal As Integers" owner="BuiltIn">
<msg time="2026-03-06T12:38:59.546486" level="INFO">Argument types are:
&lt;class 'int'&gt;
&lt;class 'str'&gt;</msg>
<arg>${productsText}</arg>
<arg>0</arg>
<doc>Fails if objects are unequal after converting them to integers.</doc>
<status status="PASS" start="2026-03-06T12:38:59.545842" elapsed="0.000847"/>
</kw>
<kw name="Get Element Count" owner="Browser">
<msg time="2026-03-06T12:38:59.555743" level="INFO">${addToCart} = 0</msg>
<var>${addToCart}</var>
<arg>css=[data-test="add-to-cart-sauce-labs-backpack"]</arg>
<tag>Assertion</tag>
<tag>Getter</tag>
<tag>PageContent</tag>
<doc>Returns the count of elements found with ``selector``.</doc>
<status status="PASS" start="2026-03-06T12:38:59.547067" elapsed="0.008778"/>
</kw>
<kw name="Should Be Equal As Integers" owner="BuiltIn">
<msg time="2026-03-06T12:38:59.557288" level="INFO">Argument types are:
&lt;class 'int'&gt;
&lt;class 'str'&gt;</msg>
<arg>${addToCart}</arg>
<arg>0</arg>
<doc>Fails if objects are unequal after converting them to integers.</doc>
<status status="PASS" start="2026-03-06T12:38:59.556294" elapsed="0.001163"/>
</kw>
<kw name="Close Browser" owner="Browser">
<msg time="2026-03-06T12:39:00.080027" level="INFO">Closed browser</msg>
<tag>BrowserControl</tag>
<tag>Setter</tag>
<doc>Closes the current browser.</doc>
<status status="PASS" start="2026-03-06T12:38:59.557992" elapsed="0.522245"/>
</kw>
<status status="PASS" start="2026-03-06T12:38:57.963469" elapsed="2.117071"/>
</test>
<test id="s1-s1-t3" name="SWAG-30 Login mot de passe invalide" line="46">
<kw name="Open Login Page">
<kw name="New Browser" owner="Browser">
<msg time="2026-03-06T12:39:00.096517" level="INFO">{"browser": "chromium", "headless": false, "chromiumSandbox": false, "devtools": false, "handleSIGHUP": true, "handleSIGINT": true, "handleSIGTERM": true, "slowMo": 0.0, "timeout": 30000.0, "tracesDir": "/home/administrateur/PhpstormProjects/swag_labs/tests/login/login_standard_user/browser/traces/temp/094ca256-a3b9-4278-8387-9b6a3847ad90"}</msg>
<msg time="2026-03-06T12:39:00.515914" level="INFO">Successfully created browser with options: {"browser":"chromium","headless":false,"chromiumSandbox":false,"devtools":false,"handleSIGHUP":true,"handleSIGINT":true,"handleSIGTERM":true,"slowMo":0,"timeout":30000,"tracesDir":"/home/administrateur/PhpstormProjects/swag_labs/tests/login/login_standard_user/browser/traces/temp/094ca256-a3b9-4278-8387-9b6a3847ad90"}</msg>
<arg>chromium</arg>
<arg>headless=False</arg>
<tag>BrowserControl</tag>
<tag>Setter</tag>
<doc>Create a new playwright Browser with specified options.</doc>
<status status="PASS" start="2026-03-06T12:39:00.095490" elapsed="0.420653"/>
</kw>
<kw name="New Context" owner="Browser">
<msg time="2026-03-06T12:39:00.518135" level="INFO">{
  "acceptDownloads": true,
  "bypassCSP": false,
  "forcedColors": "none",
  "ignoreHTTPSErrors": false,
  "javaScriptEnabled": true,
  "offline": false,
  "reducedMotion": "no-preference",
  "serviceWorkers": "allow",
  "viewport": {
    "width": 1280,
    "height": 720
  }
}</msg>
<msg time="2026-03-06T12:39:00.538020" level="INFO">Successfully created context. </msg>
<msg time="2026-03-06T12:39:00.538127" level="INFO">{'acceptDownloads': True, 'bypassCSP': False, 'forcedColors': 'none', 'ignoreHTTPSErrors': False, 'javaScriptEnabled': True, 'offline': False, 'reducedMotion': 'no-preference', 'serviceWorkers': 'allow', 'viewport': {'width': 1280, 'height': 720}}</msg>
<tag>BrowserControl</tag>
<tag>Setter</tag>
<doc>Create a new BrowserContext with specified options.</doc>
<status status="PASS" start="2026-03-06T12:39:00.516400" elapsed="0.021826"/>
</kw>
<kw name="New Page" owner="Browser">
<msg time="2026-03-06T12:39:01.398300" level="INFO">Successfully initialized new page object and opened url: https://www.saucedemo.com/</msg>
<arg>${URL}</arg>
<tag>BrowserControl</tag>
<tag>Setter</tag>
<doc>Open a new Page.</doc>
<status status="PASS" start="2026-03-06T12:39:00.538450" elapsed="0.860073"/>
</kw>
<status status="PASS" start="2026-03-06T12:39:00.094882" elapsed="1.303849"/>
</kw>
<kw name="Fill Text" owner="Browser">
<msg time="2026-03-06T12:39:01.399840" level="INFO">Fills the text 'standard_user' in the given field.</msg>
<arg>id=user-name</arg>
<arg>${USERNAME}</arg>
<tag>PageContent</tag>
<tag>Setter</tag>
<doc>Clears and fills the given ``txt`` into the text field found by ``selector``.</doc>
<status status="PASS" start="2026-03-06T12:39:01.399020" elapsed="0.048626"/>
</kw>
<kw name="Fill Text" owner="Browser">
<msg time="2026-03-06T12:39:01.448501" level="INFO">Fills the text 'wrong_password' in the given field.</msg>
<arg>id=password</arg>
<arg>${WRONGPASSWORD}</arg>
<tag>PageContent</tag>
<tag>Setter</tag>
<doc>Clears and fills the given ``txt`` into the text field found by ``selector``.</doc>
<status status="PASS" start="2026-03-06T12:39:01.447938" elapsed="0.016841"/>
</kw>
<kw name="Click" owner="Browser">
<msg time="2026-03-06T12:39:01.465758" level="INFO">Clicks the element 'id=login-button'.</msg>
<arg>id=login-button</arg>
<tag>PageContent</tag>
<tag>Setter</tag>
<doc>Simulates mouse click on the element found by ``selector``.</doc>
<status status="PASS" start="2026-03-06T12:39:01.465168" elapsed="0.100248"/>
</kw>
<kw name="Wait For Elements State" owner="Browser">
<msg time="2026-03-06T12:39:01.575839" level="INFO">Waited for Element with selector css=[data-test="error"] at state visible</msg>
<arg>css=[data-test="error"]</arg>
<arg>visible</arg>
<arg>timeout=5s</arg>
<tag>PageContent</tag>
<tag>Wait</tag>
<doc>Waits for the element found by ``selector`` to satisfy state option.</doc>
<status status="PASS" start="2026-03-06T12:39:01.565820" elapsed="0.010247"/>
</kw>
<kw name="Get Element Count" owner="Browser">
<msg time="2026-03-06T12:39:01.583739" level="INFO">${addToCart} = 0</msg>
<var>${addToCart}</var>
<arg>css=[data-test="shopping-cart-link"]</arg>
<tag>Assertion</tag>
<tag>Getter</tag>
<tag>PageContent</tag>
<doc>Returns the count of elements found with ``selector``.</doc>
<status status="PASS" start="2026-03-06T12:39:01.576340" elapsed="0.007458"/>
</kw>
<kw name="Should Be Equal As Integers" owner="BuiltIn">
<msg time="2026-03-06T12:39:01.584729" level="INFO">Argument types are:
&lt;class 'int'&gt;
&lt;class 'str'&gt;</msg>
<arg>${addToCart}</arg>
<arg>0</arg>
<doc>Fails if objects are unequal after converting them to integers.</doc>
<status status="PASS" start="2026-03-06T12:39:01.584069" elapsed="0.000761"/>
</kw>
<kw name="Close Browser" owner="Browser">
<msg time="2026-03-06T12:39:01.779950" level="INFO">Closed browser</msg>
<tag>BrowserControl</tag>
<tag>Setter</tag>
<doc>Closes the current browser.</doc>
<status status="PASS" start="2026-03-06T12:39:01.585340" elapsed="0.194774"/>
</kw>
<status status="PASS" start="2026-03-06T12:39:00.089627" elapsed="1.690681"/>
</test>
<status status="PASS" start="2026-03-06T12:38:53.882161" elapsed="7.903452"/>
</suite>
<status status="PASS" start="2026-03-06T12:38:53.834005" elapsed="7.957413"/>
</suite>
<statistics>
<total>
<stat pass="3" fail="0" skip="0">All Tests</stat>
</total>
<tag>
</tag>
<suite>
<stat name="Login Standard User" id="s1" pass="3" fail="0" skip="0">Login Standard User</stat>
<stat name="Login Standard User Tests" id="s1-s1" pass="3" fail="0" skip="0">Login Standard User.Login Standard User Tests</stat>
</suite>
</statistics>
<errors>
</errors>
</robot>
