<?xml version="1.0" encoding="UTF-8"?>
<robot generator="Robot 7.4.1 (Python 3.12.3 on linux)" generated="2026-03-07T16:25:38.452518" rpa="false" schemaversion="5">
<suite id="s1" name="Login Standard User Tests" source="/home/administrateur/PhpstormProjects/swag_labs/tests/login/login_standard_user/login_standard_user_tests.robot">
<test id="s1-t1" name="Login identifiants valides" line="10">
<kw name="Log" owner="BuiltIn">
<msg time="2026-03-07T16:25:38.580604" level="INFO">Execution SWAG-25 Login identifiants valides</msg>
<arg>Execution SWAG-25 Login identifiants valides</arg>
<doc>Logs the given message with the given level.</doc>
<status status="PASS" start="2026-03-07T16:25:38.580165" elapsed="0.000500"/>
</kw>
<kw name="Open Login Page" owner="keywords">
<kw name="New Browser" owner="Browser">
<msg time="2026-03-07T16:25:38.581716" level="INFO">{"browser": "chromium", "headless": false, "chromiumSandbox": false, "devtools": false, "handleSIGHUP": true, "handleSIGINT": true, "handleSIGTERM": true, "slowMo": 0.0, "timeout": 30000.0, "tracesDir": "/home/administrateur/PhpstormProjects/swag_labs/tests/login/login_standard_user/browser/traces/temp/3e343287-45e3-4640-bef7-4eec76f04e97"}</msg>
<msg time="2026-03-07T16:25:38.587564" level="INFO">Starting Browser process /home/administrateur/PhpstormProjects/swag_labs/venv/lib/python3.12/site-packages/Browser/wrapper/index.js using at 127.0.0.1:44763</msg>
<msg time="2026-03-07T16:25:39.385845" level="INFO">Successfully created browser with options: {"browser":"chromium","headless":false,"chromiumSandbox":false,"devtools":false,"handleSIGHUP":true,"handleSIGINT":true,"handleSIGTERM":true,"slowMo":0,"timeout":30000,"tracesDir":"/home/administrateur/PhpstormProjects/swag_labs/tests/login/login_standard_user/browser/traces/temp/3e343287-45e3-4640-bef7-4eec76f04e97"}</msg>
<arg>chromium</arg>
<arg>headless=False</arg>
<tag>BrowserControl</tag>
<tag>Setter</tag>
<doc>Create a new playwright Browser with specified options.</doc>
<status status="PASS" start="2026-03-07T16:25:38.581203" elapsed="0.804995"/>
</kw>
<kw name="New Context" owner="Browser">
<msg time="2026-03-07T16:25:39.388179" level="INFO">{
  "acceptDownloads": true,
  "bypassCSP": false,
  "forcedColors": "none",
  "ignoreHTTPSErrors": false,
  "javaScriptEnabled": true,
  "offline": false,
  "reducedMotion": "no-preference",
  "serviceWorkers": "allow",
  "viewport": {
    "width": 1280,
    "height": 720
  }
}</msg>
<msg time="2026-03-07T16:25:39.402553" level="INFO">Successfully created context. </msg>
<msg time="2026-03-07T16:25:39.402624" level="INFO">{'acceptDownloads': True, 'bypassCSP': False, 'forcedColors': 'none', 'ignoreHTTPSErrors': False, 'javaScriptEnabled': True, 'offline': False, 'reducedMotion': 'no-preference', 'serviceWorkers': 'allow', 'viewport': {'width': 1280, 'height': 720}}</msg>
<tag>BrowserControl</tag>
<tag>Setter</tag>
<doc>Create a new BrowserContext with specified options.</doc>
<status status="PASS" start="2026-03-07T16:25:39.386544" elapsed="0.016143"/>
</kw>
<kw name="New Page" owner="Browser">
<msg time="2026-03-07T16:25:39.952781" level="INFO">Successfully initialized new page object and opened url: https://www.saucedemo.com/</msg>
<arg>${URL}</arg>
<tag>BrowserControl</tag>
<tag>Setter</tag>
<doc>Open a new Page.</doc>
<status status="PASS" start="2026-03-07T16:25:39.402846" elapsed="0.550162"/>
</kw>
<status status="PASS" start="2026-03-07T16:25:38.580911" elapsed="1.372229"/>
</kw>
<kw name="Fill Text" owner="Browser">
<msg time="2026-03-07T16:25:39.954013" level="INFO">Fills the text 'standard_user' in the given field.</msg>
<arg>id=user-name</arg>
<arg>${USERNAME}</arg>
<tag>PageContent</tag>
<tag>Setter</tag>
<doc>Clears and fills the given ``txt`` into the text field found by ``selector``.</doc>
<status status="PASS" start="2026-03-07T16:25:39.953364" elapsed="0.063200"/>
</kw>
<kw name="Fill Text" owner="Browser">
<msg time="2026-03-07T16:25:40.017868" level="INFO">Fills the text 'secret_sauce' in the given field.</msg>
<arg>id=password</arg>
<arg>${PASSWORD}</arg>
<tag>PageContent</tag>
<tag>Setter</tag>
<doc>Clears and fills the given ``txt`` into the text field found by ``selector``.</doc>
<status status="PASS" start="2026-03-07T16:25:40.016989" elapsed="0.022647"/>
</kw>
<kw name="Click" owner="Browser">
<msg time="2026-03-07T16:25:40.040501" level="INFO">Clicks the element 'id=login-button'.</msg>
<arg>id=login-button</arg>
<tag>PageContent</tag>
<tag>Setter</tag>
<doc>Simulates mouse click on the element found by ``selector``.</doc>
<status status="PASS" start="2026-03-07T16:25:40.039957" elapsed="0.373363"/>
</kw>
<kw name="Wait For Elements State" owner="Browser">
<msg time="2026-03-07T16:25:40.435716" level="INFO">Waited for Element with selector text="Swag Labs" at state visible</msg>
<arg>text="Swag Labs"</arg>
<arg>visible</arg>
<arg>timeout=5s</arg>
<tag>PageContent</tag>
<tag>Wait</tag>
<doc>Waits for the element found by ``selector`` to satisfy state option.</doc>
<status status="PASS" start="2026-03-07T16:25:40.413947" elapsed="0.022042"/>
</kw>
<kw name="Close Browser" owner="Browser">
<msg time="2026-03-07T16:25:40.565649" level="INFO">Closed browser</msg>
<tag>BrowserControl</tag>
<tag>Setter</tag>
<doc>Closes the current browser.</doc>
<status status="PASS" start="2026-03-07T16:25:40.436360" elapsed="0.129516"/>
</kw>
<tag>SWAG-25</tag>
<status status="PASS" start="2026-03-07T16:25:38.579405" elapsed="1.986663"/>
</test>
<test id="s1-t2" name="Login nom d'utilisateur invalide" line="23">
<kw name="Log" owner="BuiltIn">
<msg time="2026-03-07T16:25:40.594869" level="INFO">Execution SWAG-26 Login nom d'utilisateur invalide</msg>
<arg>Execution SWAG-26 Login nom d'utilisateur invalide</arg>
<doc>Logs the given message with the given level.</doc>
<status status="PASS" start="2026-03-07T16:25:40.594455" elapsed="0.000467"/>
</kw>
<kw name="Open Login Page" owner="keywords">
<kw name="New Browser" owner="Browser">
<msg time="2026-03-07T16:25:40.596054" level="INFO">{"browser": "chromium", "headless": false, "chromiumSandbox": false, "devtools": false, "handleSIGHUP": true, "handleSIGINT": true, "handleSIGTERM": true, "slowMo": 0.0, "timeout": 30000.0, "tracesDir": "/home/administrateur/PhpstormProjects/swag_labs/tests/login/login_standard_user/browser/traces/temp/f157e432-6078-4afb-b6e7-ec1faeaf4464"}</msg>
<msg time="2026-03-07T16:25:40.877410" level="INFO">Successfully created browser with options: {"browser":"chromium","headless":false,"chromiumSandbox":false,"devtools":false,"handleSIGHUP":true,"handleSIGINT":true,"handleSIGTERM":true,"slowMo":0,"timeout":30000,"tracesDir":"/home/administrateur/PhpstormProjects/swag_labs/tests/login/login_standard_user/browser/traces/temp/f157e432-6078-4afb-b6e7-ec1faeaf4464"}</msg>
<arg>chromium</arg>
<arg>headless=False</arg>
<tag>BrowserControl</tag>
<tag>Setter</tag>
<doc>Create a new playwright Browser with specified options.</doc>
<status status="PASS" start="2026-03-07T16:25:40.595443" elapsed="0.282402"/>
</kw>
<kw name="New Context" owner="Browser">
<msg time="2026-03-07T16:25:40.881484" level="INFO">{
  "acceptDownloads": true,
  "bypassCSP": false,
  "forcedColors": "none",
  "ignoreHTTPSErrors": false,
  "javaScriptEnabled": true,
  "offline": false,
  "reducedMotion": "no-preference",
  "serviceWorkers": "allow",
  "viewport": {
    "width": 1280,
    "height": 720
  }
}</msg>
<msg time="2026-03-07T16:25:40.897484" level="INFO">Successfully created context. </msg>
<msg time="2026-03-07T16:25:40.897590" level="INFO">{'acceptDownloads': True, 'bypassCSP': False, 'forcedColors': 'none', 'ignoreHTTPSErrors': False, 'javaScriptEnabled': True, 'offline': False, 'reducedMotion': 'no-preference', 'serviceWorkers': 'allow', 'viewport': {'width': 1280, 'height': 720}}</msg>
<tag>BrowserControl</tag>
<tag>Setter</tag>
<doc>Create a new BrowserContext with specified options.</doc>
<status status="PASS" start="2026-03-07T16:25:40.878244" elapsed="0.019454"/>
</kw>
<kw name="New Page" owner="Browser">
<msg time="2026-03-07T16:25:41.513508" level="INFO">Successfully initialized new page object and opened url: https://www.saucedemo.com/</msg>
<arg>${URL}</arg>
<tag>BrowserControl</tag>
<tag>Setter</tag>
<doc>Open a new Page.</doc>
<status status="PASS" start="2026-03-07T16:25:40.897940" elapsed="0.615936"/>
</kw>
<status status="PASS" start="2026-03-07T16:25:40.595133" elapsed="0.918913"/>
</kw>
<kw name="Fill Text" owner="Browser">
<msg time="2026-03-07T16:25:41.514906" level="INFO">Fills the text 'wrong_username' in the given field.</msg>
<arg>id=user-name</arg>
<arg>${WRONGUSERNAME}</arg>
<tag>PageContent</tag>
<tag>Setter</tag>
<doc>Clears and fills the given ``txt`` into the text field found by ``selector``.</doc>
<status status="PASS" start="2026-03-07T16:25:41.514249" elapsed="0.040026"/>
</kw>
<kw name="Fill Text" owner="Browser">
<msg time="2026-03-07T16:25:41.555205" level="INFO">Fills the text 'secret_sauce' in the given field.</msg>
<arg>id=password</arg>
<arg>${PASSWORD}</arg>
<tag>PageContent</tag>
<tag>Setter</tag>
<doc>Clears and fills the given ``txt`` into the text field found by ``selector``.</doc>
<status status="PASS" start="2026-03-07T16:25:41.554554" elapsed="0.015010"/>
</kw>
<kw name="Click" owner="Browser">
<msg time="2026-03-07T16:25:41.570496" level="INFO">Clicks the element 'id=login-button'.</msg>
<arg>id=login-button</arg>
<tag>PageContent</tag>
<tag>Setter</tag>
<doc>Simulates mouse click on the element found by ``selector``.</doc>
<status status="PASS" start="2026-03-07T16:25:41.569922" elapsed="0.351526"/>
</kw>
<kw name="Wait For Elements State" owner="Browser">
<msg time="2026-03-07T16:25:41.934392" level="INFO">Waited for Element with selector css=[data-test="error"] at state visible</msg>
<arg>css=[data-test="error"]</arg>
<arg>visible</arg>
<arg>timeout=5s</arg>
<tag>PageContent</tag>
<tag>Wait</tag>
<doc>Waits for the element found by ``selector`` to satisfy state option.</doc>
<status status="PASS" start="2026-03-07T16:25:41.922814" elapsed="0.011761"/>
</kw>
<kw name="Get Element Count" owner="Browser">
<msg time="2026-03-07T16:25:41.943513" level="INFO">${productsText} = 0</msg>
<var>${productsText}</var>
<arg>text="Products"</arg>
<tag>Assertion</tag>
<tag>Getter</tag>
<tag>PageContent</tag>
<doc>Returns the count of elements found with ``selector``.</doc>
<status status="PASS" start="2026-03-07T16:25:41.934909" elapsed="0.008652"/>
</kw>
<kw name="Should Be Equal As Integers" owner="BuiltIn">
<msg time="2026-03-07T16:25:41.944383" level="INFO">Argument types are:
&lt;class 'int'&gt;
&lt;class 'str'&gt;</msg>
<arg>${productsText}</arg>
<arg>0</arg>
<doc>Fails if objects are unequal after converting them to integers.</doc>
<status status="PASS" start="2026-03-07T16:25:41.943848" elapsed="0.000648"/>
</kw>
<kw name="Get Element Count" owner="Browser">
<msg time="2026-03-07T16:25:41.951466" level="INFO">${addToCart} = 0</msg>
<var>${addToCart}</var>
<arg>css=[data-test="add-to-cart-sauce-labs-backpack"]</arg>
<tag>Assertion</tag>
<tag>Getter</tag>
<tag>PageContent</tag>
<doc>Returns the count of elements found with ``selector``.</doc>
<status status="PASS" start="2026-03-07T16:25:41.944828" elapsed="0.006684"/>
</kw>
<kw name="Should Be Equal As Integers" owner="BuiltIn">
<msg time="2026-03-07T16:25:41.952276" level="INFO">Argument types are:
&lt;class 'int'&gt;
&lt;class 'str'&gt;</msg>
<arg>${addToCart}</arg>
<arg>0</arg>
<doc>Fails if objects are unequal after converting them to integers.</doc>
<status status="PASS" start="2026-03-07T16:25:41.951824" elapsed="0.000541"/>
</kw>
<kw name="Close Browser" owner="Browser">
<msg time="2026-03-07T16:25:42.114873" level="INFO">Closed browser</msg>
<tag>BrowserControl</tag>
<tag>Setter</tag>
<doc>Closes the current browser.</doc>
<status status="PASS" start="2026-03-07T16:25:41.952622" elapsed="0.162404"/>
</kw>
<tag>SWAG-26</tag>
<status status="PASS" start="2026-03-07T16:25:40.591885" elapsed="1.523315"/>
</test>
<test id="s1-t3" name="Login mot de passe invalide" line="42">
<kw name="Log" owner="BuiltIn">
<msg time="2026-03-07T16:25:42.123145" level="INFO">Exécution SWAG-30 Login mot de passe invalide</msg>
<arg>Exécution SWAG-30 Login mot de passe invalide</arg>
<doc>Logs the given message with the given level.</doc>
<status status="PASS" start="2026-03-07T16:25:42.122799" elapsed="0.000399"/>
</kw>
<kw name="Open Login Page" owner="keywords">
<kw name="New Browser" owner="Browser">
<msg time="2026-03-07T16:25:42.124219" level="INFO">{"browser": "chromium", "headless": false, "chromiumSandbox": false, "devtools": false, "handleSIGHUP": true, "handleSIGINT": true, "handleSIGTERM": true, "slowMo": 0.0, "timeout": 30000.0, "tracesDir": "/home/administrateur/PhpstormProjects/swag_labs/tests/login/login_standard_user/browser/traces/temp/066976e5-d237-4d9f-9fb4-5806b03d88e4"}</msg>
<msg time="2026-03-07T16:25:42.407123" level="INFO">Successfully created browser with options: {"browser":"chromium","headless":false,"chromiumSandbox":false,"devtools":false,"handleSIGHUP":true,"handleSIGINT":true,"handleSIGTERM":true,"slowMo":0,"timeout":30000,"tracesDir":"/home/administrateur/PhpstormProjects/swag_labs/tests/login/login_standard_user/browser/traces/temp/066976e5-d237-4d9f-9fb4-5806b03d88e4"}</msg>
<arg>chromium</arg>
<arg>headless=False</arg>
<tag>BrowserControl</tag>
<tag>Setter</tag>
<doc>Create a new playwright Browser with specified options.</doc>
<status status="PASS" start="2026-03-07T16:25:42.123667" elapsed="0.283751"/>
</kw>
<kw name="New Context" owner="Browser">
<msg time="2026-03-07T16:25:42.409414" level="INFO">{
  "acceptDownloads": true,
  "bypassCSP": false,
  "forcedColors": "none",
  "ignoreHTTPSErrors": false,
  "javaScriptEnabled": true,
  "offline": false,
  "reducedMotion": "no-preference",
  "serviceWorkers": "allow",
  "viewport": {
    "width": 1280,
    "height": 720
  }
}</msg>
<msg time="2026-03-07T16:25:42.423246" level="INFO">Successfully created context. </msg>
<msg time="2026-03-07T16:25:42.423350" level="INFO">{'acceptDownloads': True, 'bypassCSP': False, 'forcedColors': 'none', 'ignoreHTTPSErrors': False, 'javaScriptEnabled': True, 'offline': False, 'reducedMotion': 'no-preference', 'serviceWorkers': 'allow', 'viewport': {'width': 1280, 'height': 720}}</msg>
<tag>BrowserControl</tag>
<tag>Setter</tag>
<doc>Create a new BrowserContext with specified options.</doc>
<status status="PASS" start="2026-03-07T16:25:42.407720" elapsed="0.015727"/>
</kw>
<kw name="New Page" owner="Browser">
<msg time="2026-03-07T16:25:43.027858" level="INFO">Successfully initialized new page object and opened url: https://www.saucedemo.com/</msg>
<arg>${URL}</arg>
<tag>BrowserControl</tag>
<tag>Setter</tag>
<doc>Open a new Page.</doc>
<status status="PASS" start="2026-03-07T16:25:42.423669" elapsed="0.604482"/>
</kw>
<status status="PASS" start="2026-03-07T16:25:42.123407" elapsed="0.904909"/>
</kw>
<kw name="Fill Text" owner="Browser">
<msg time="2026-03-07T16:25:43.029503" level="INFO">Fills the text 'standard_user' in the given field.</msg>
<arg>id=user-name</arg>
<arg>${USERNAME}</arg>
<tag>PageContent</tag>
<tag>Setter</tag>
<doc>Clears and fills the given ``txt`` into the text field found by ``selector``.</doc>
<status status="PASS" start="2026-03-07T16:25:43.028627" elapsed="0.046012"/>
</kw>
<kw name="Fill Text" owner="Browser">
<msg time="2026-03-07T16:25:43.075494" level="INFO">Fills the text 'wrong_password' in the given field.</msg>
<arg>id=password</arg>
<arg>${WRONGPASSWORD}</arg>
<tag>PageContent</tag>
<tag>Setter</tag>
<doc>Clears and fills the given ``txt`` into the text field found by ``selector``.</doc>
<status status="PASS" start="2026-03-07T16:25:43.074940" elapsed="0.013604"/>
</kw>
<kw name="Click" owner="Browser">
<msg time="2026-03-07T16:25:43.089520" level="INFO">Clicks the element 'id=login-button'.</msg>
<arg>id=login-button</arg>
<tag>PageContent</tag>
<tag>Setter</tag>
<doc>Simulates mouse click on the element found by ``selector``.</doc>
<status status="PASS" start="2026-03-07T16:25:43.088936" elapsed="0.267495"/>
</kw>
<kw name="Wait For Elements State" owner="Browser">
<msg time="2026-03-07T16:25:43.367307" level="INFO">Waited for Element with selector css=[data-test="error"] at state visible</msg>
<arg>css=[data-test="error"]</arg>
<arg>visible</arg>
<arg>timeout=5s</arg>
<tag>PageContent</tag>
<tag>Wait</tag>
<doc>Waits for the element found by ``selector`` to satisfy state option.</doc>
<status status="PASS" start="2026-03-07T16:25:43.356808" elapsed="0.010722"/>
</kw>
<kw name="Get Element Count" owner="Browser">
<msg time="2026-03-07T16:25:43.373279" level="INFO">${addToCart} = 0</msg>
<var>${addToCart}</var>
<arg>css=[data-test="shopping-cart-link"]</arg>
<tag>Assertion</tag>
<tag>Getter</tag>
<tag>PageContent</tag>
<doc>Returns the count of elements found with ``selector``.</doc>
<status status="PASS" start="2026-03-07T16:25:43.367880" elapsed="0.005446"/>
</kw>
<kw name="Should Be Equal As Integers" owner="BuiltIn">
<msg time="2026-03-07T16:25:43.374017" level="INFO">Argument types are:
&lt;class 'int'&gt;
&lt;class 'str'&gt;</msg>
<arg>${addToCart}</arg>
<arg>0</arg>
<doc>Fails if objects are unequal after converting them to integers.</doc>
<status status="PASS" start="2026-03-07T16:25:43.373568" elapsed="0.000510"/>
</kw>
<kw name="Close Browser" owner="Browser">
<msg time="2026-03-07T16:25:43.546929" level="INFO">Closed browser</msg>
<tag>BrowserControl</tag>
<tag>Setter</tag>
<doc>Closes the current browser.</doc>
<status status="PASS" start="2026-03-07T16:25:43.374253" elapsed="0.172901"/>
</kw>
<tag>SWAG-30</tag>
<status status="PASS" start="2026-03-07T16:25:42.120022" elapsed="1.427449"/>
</test>
<status status="PASS" start="2026-03-07T16:25:38.453274" elapsed="5.098882"/>
</suite>
<statistics>
<total>
<stat pass="3" fail="0" skip="0">All Tests</stat>
</total>
<tag>
<stat pass="1" fail="0" skip="0">SWAG-25</stat>
<stat pass="1" fail="0" skip="0">SWAG-26</stat>
<stat pass="1" fail="0" skip="0">SWAG-30</stat>
</tag>
<suite>
<stat name="Login Standard User Tests" id="s1" pass="3" fail="0" skip="0">Login Standard User Tests</stat>
</suite>
</statistics>
<errors>
</errors>
</robot>
