<?xml version="1.0" encoding="UTF-8"?>
<robot generator="Robot 7.4.1 (Python 3.12.3 on linux)" generated="2026-03-07T16:29:17.744372" rpa="false" schemaversion="5">
<suite id="s1" name="Logout Standard User" source="/home/administrateur/PhpstormProjects/swag_labs/tests/logout/logout_standard_user.robot">
<test id="s1-t1" name="Déconnexion" line="16">
<kw name="Log" owner="BuiltIn">
<msg time="2026-03-07T16:29:17.865550" level="INFO">Exécution SWAG-28 Déconnexion</msg>
<arg>Exécution SWAG-28 Déconnexion</arg>
<doc>Logs the given message with the given level.</doc>
<status status="PASS" start="2026-03-07T16:29:17.865155" elapsed="0.000449"/>
</kw>
<kw name="Connect user">
<kw name="Open Login Page" owner="keywords">
<kw name="New Browser" owner="Browser">
<msg time="2026-03-07T16:29:17.866940" level="INFO">{"browser": "chromium", "headless": false, "chromiumSandbox": false, "devtools": false, "handleSIGHUP": true, "handleSIGINT": true, "handleSIGTERM": true, "slowMo": 0.0, "timeout": 30000.0, "tracesDir": "/home/administrateur/PhpstormProjects/swag_labs/tests/logout/browser/traces/temp/64c21183-ea5f-4147-b469-79a1803cc35e"}</msg>
<msg time="2026-03-07T16:29:17.872158" level="INFO">Starting Browser process /home/administrateur/PhpstormProjects/swag_labs/venv/lib/python3.12/site-packages/Browser/wrapper/index.js using at 127.0.0.1:40257</msg>
<msg time="2026-03-07T16:29:18.658539" level="INFO">Successfully created browser with options: {"browser":"chromium","headless":false,"chromiumSandbox":false,"devtools":false,"handleSIGHUP":true,"handleSIGINT":true,"handleSIGTERM":true,"slowMo":0,"timeout":30000,"tracesDir":"/home/administrateur/PhpstormProjects/swag_labs/tests/logout/browser/traces/temp/64c21183-ea5f-4147-b469-79a1803cc35e"}</msg>
<arg>chromium</arg>
<arg>headless=False</arg>
<tag>BrowserControl</tag>
<tag>Setter</tag>
<doc>Create a new playwright Browser with specified options.</doc>
<status status="PASS" start="2026-03-07T16:29:17.866359" elapsed="0.792392"/>
</kw>
<kw name="New Context" owner="Browser">
<msg time="2026-03-07T16:29:18.660244" level="INFO">{
  "acceptDownloads": true,
  "bypassCSP": false,
  "forcedColors": "none",
  "ignoreHTTPSErrors": false,
  "javaScriptEnabled": true,
  "offline": false,
  "reducedMotion": "no-preference",
  "serviceWorkers": "allow",
  "viewport": {
    "width": 1280,
    "height": 720
  }
}</msg>
<msg time="2026-03-07T16:29:18.676567" level="INFO">Successfully created context. </msg>
<msg time="2026-03-07T16:29:18.676676" level="INFO">{'acceptDownloads': True, 'bypassCSP': False, 'forcedColors': 'none', 'ignoreHTTPSErrors': False, 'javaScriptEnabled': True, 'offline': False, 'reducedMotion': 'no-preference', 'serviceWorkers': 'allow', 'viewport': {'width': 1280, 'height': 720}}</msg>
<tag>BrowserControl</tag>
<tag>Setter</tag>
<doc>Create a new BrowserContext with specified options.</doc>
<status status="PASS" start="2026-03-07T16:29:18.658951" elapsed="0.017846"/>
</kw>
<kw name="New Page" owner="Browser">
<msg time="2026-03-07T16:29:19.241300" level="INFO">Successfully initialized new page object and opened url: https://www.saucedemo.com/</msg>
<arg>${URL}</arg>
<tag>BrowserControl</tag>
<tag>Setter</tag>
<doc>Open a new Page.</doc>
<status status="PASS" start="2026-03-07T16:29:18.677029" elapsed="0.564511"/>
</kw>
<status status="PASS" start="2026-03-07T16:29:17.866147" elapsed="1.375509"/>
</kw>
<kw name="Fill Text" owner="Browser">
<msg time="2026-03-07T16:29:19.242256" level="INFO">Fills the text 'standard_user' in the given field.</msg>
<arg>id=user-name</arg>
<arg>${USERNAME}</arg>
<tag>PageContent</tag>
<tag>Setter</tag>
<doc>Clears and fills the given ``txt`` into the text field found by ``selector``.</doc>
<status status="PASS" start="2026-03-07T16:29:19.241804" elapsed="0.073018"/>
</kw>
<kw name="Fill Text" owner="Browser">
<msg time="2026-03-07T16:29:19.315905" level="INFO">Fills the text 'secret_sauce' in the given field.</msg>
<arg>id=password</arg>
<arg>${PASSWORD}</arg>
<tag>PageContent</tag>
<tag>Setter</tag>
<doc>Clears and fills the given ``txt`` into the text field found by ``selector``.</doc>
<status status="PASS" start="2026-03-07T16:29:19.315140" elapsed="0.018882"/>
</kw>
<kw name="Click" owner="Browser">
<msg time="2026-03-07T16:29:19.335017" level="INFO">Clicks the element 'id=login-button'.</msg>
<arg>id=login-button</arg>
<tag>PageContent</tag>
<tag>Setter</tag>
<doc>Simulates mouse click on the element found by ``selector``.</doc>
<status status="PASS" start="2026-03-07T16:29:19.334343" elapsed="0.418586"/>
</kw>
<kw name="Wait For Elements State" owner="Browser">
<msg time="2026-03-07T16:29:19.764274" level="INFO">Waited for Element with selector text="Swag Labs" at state visible</msg>
<arg>text="Swag Labs"</arg>
<arg>visible</arg>
<arg>timeout=5s</arg>
<tag>PageContent</tag>
<tag>Wait</tag>
<doc>Waits for the element found by ``selector`` to satisfy state option.</doc>
<status status="PASS" start="2026-03-07T16:29:19.753127" elapsed="0.011281"/>
</kw>
<status status="PASS" start="2026-03-07T16:29:17.865865" elapsed="1.898648"/>
</kw>
<kw name="Click" owner="Browser">
<msg time="2026-03-07T16:29:19.765117" level="INFO">Clicks the element 'id=react-burger-menu-btn'.</msg>
<arg>id=react-burger-menu-btn</arg>
<tag>PageContent</tag>
<tag>Setter</tag>
<doc>Simulates mouse click on the element found by ``selector``.</doc>
<status status="PASS" start="2026-03-07T16:29:19.764685" elapsed="0.100095"/>
</kw>
<kw name="Click" owner="Browser">
<msg time="2026-03-07T16:29:19.865547" level="INFO">Clicks the element 'css=[data-test="logout-sidebar-link"]'.</msg>
<arg>css=[data-test="logout-sidebar-link"]</arg>
<tag>PageContent</tag>
<tag>Setter</tag>
<doc>Simulates mouse click on the element found by ``selector``.</doc>
<status status="PASS" start="2026-03-07T16:29:19.865087" elapsed="0.732318"/>
</kw>
<kw name="Close Browser" owner="Browser">
<msg time="2026-03-07T16:29:20.713367" level="INFO">Closed browser</msg>
<tag>BrowserControl</tag>
<tag>Setter</tag>
<doc>Closes the current browser.</doc>
<status status="PASS" start="2026-03-07T16:29:20.597830" elapsed="0.115742"/>
</kw>
<tag>SWAG-28</tag>
<status status="PASS" start="2026-03-07T16:29:17.864461" elapsed="2.849328"/>
</test>
<status status="PASS" start="2026-03-07T16:29:17.745130" elapsed="2.996314"/>
</suite>
<statistics>
<total>
<stat pass="1" fail="0" skip="0">All Tests</stat>
</total>
<tag>
<stat pass="1" fail="0" skip="0">SWAG-28</stat>
</tag>
<suite>
<stat name="Logout Standard User" id="s1" pass="1" fail="0" skip="0">Logout Standard User</stat>
</suite>
</statistics>
<errors>
</errors>
</robot>
