<?xml version="1.0" encoding="UTF-8"?>
<robot generator="Robot 7.4.1 (Python 3.12.3 on linux)" generated="2026-03-07T18:07:34.482924" rpa="false" schemaversion="5">
<suite id="s1" name="Tests" source="/home/administrateur/PhpstormProjects/swag_labs/tests">
<suite id="s1-s1" name="Login" source="/home/administrateur/PhpstormProjects/swag_labs/tests/login">
<suite id="s1-s1-s1" name="Login Blocked User" source="/home/administrateur/PhpstormProjects/swag_labs/tests/login/login_blocked_user">
<suite id="s1-s1-s1-s1" name="Login Blocked User Tests" source="/home/administrateur/PhpstormProjects/swag_labs/tests/login/login_blocked_user/login_blocked_user_tests.robot">
<test id="s1-s1-s1-s1-t1" name="Login compte bloqué" line="10">
<kw name="Log" owner="BuiltIn">
<msg time="2026-03-07T18:07:34.814451" level="INFO">Exécution SWAG-27 Login compte bloqué</msg>
<arg>Exécution SWAG-27 Login compte bloqué</arg>
<doc>Logs the given message with the given level.</doc>
<status status="PASS" start="2026-03-07T18:07:34.813390" elapsed="0.001217"/>
</kw>
<kw name="Open Login Page" owner="keywords">
<kw name="New Browser" owner="Browser">
<msg time="2026-03-07T18:07:34.817570" level="INFO">{"browser": "chromium", "headless": false, "chromiumSandbox": false, "devtools": false, "handleSIGHUP": true, "handleSIGINT": true, "handleSIGTERM": true, "slowMo": 0.0, "timeout": 30000.0, "tracesDir": "/home/administrateur/PhpstormProjects/swag_labs/browser/traces/temp/828eb5f4-f93e-4c0d-8c0f-8f327b14be9e"}</msg>
<msg time="2026-03-07T18:07:34.828103" level="INFO">Starting Browser process /home/administrateur/PhpstormProjects/swag_labs/venv/lib/python3.12/site-packages/Browser/wrapper/index.js using at 127.0.0.1:42667</msg>
<msg time="2026-03-07T18:07:36.967427" level="INFO">Successfully created browser with options: {"browser":"chromium","headless":false,"chromiumSandbox":false,"devtools":false,"handleSIGHUP":true,"handleSIGINT":true,"handleSIGTERM":true,"slowMo":0,"timeout":30000,"tracesDir":"/home/administrateur/PhpstormProjects/swag_labs/browser/traces/temp/828eb5f4-f93e-4c0d-8c0f-8f327b14be9e"}</msg>
<arg>chromium</arg>
<arg>headless=False</arg>
<tag>BrowserControl</tag>
<tag>Setter</tag>
<doc>Create a new playwright Browser with specified options.</doc>
<status status="PASS" start="2026-03-07T18:07:34.816179" elapsed="2.151492"/>
</kw>
<kw name="New Context" owner="Browser">
<msg time="2026-03-07T18:07:36.968915" level="INFO">{
  "acceptDownloads": true,
  "bypassCSP": false,
  "forcedColors": "none",
  "ignoreHTTPSErrors": false,
  "javaScriptEnabled": true,
  "offline": false,
  "reducedMotion": "no-preference",
  "serviceWorkers": "allow",
  "viewport": {
    "width": 1280,
    "height": 720
  }
}</msg>
<msg time="2026-03-07T18:07:36.988586" level="INFO">Successfully created context. </msg>
<msg time="2026-03-07T18:07:36.988678" level="INFO">{'acceptDownloads': True, 'bypassCSP': False, 'forcedColors': 'none', 'ignoreHTTPSErrors': False, 'javaScriptEnabled': True, 'offline': False, 'reducedMotion': 'no-preference', 'serviceWorkers': 'allow', 'viewport': {'width': 1280, 'height': 720}}</msg>
<tag>BrowserControl</tag>
<tag>Setter</tag>
<doc>Create a new BrowserContext with specified options.</doc>
<status status="PASS" start="2026-03-07T18:07:36.967942" elapsed="0.020842"/>
</kw>
<kw name="New Page" owner="Browser">
<msg time="2026-03-07T18:07:37.855084" level="INFO">Successfully initialized new page object and opened url: https://www.saucedemo.com/</msg>
<arg>${URL}</arg>
<tag>BrowserControl</tag>
<tag>Setter</tag>
<doc>Open a new Page.</doc>
<status status="PASS" start="2026-03-07T18:07:36.989058" elapsed="0.866283"/>
</kw>
<status status="PASS" start="2026-03-07T18:07:34.815327" elapsed="3.040158"/>
</kw>
<kw name="Fill Text" owner="Browser">
<msg time="2026-03-07T18:07:37.856586" level="INFO">Fills the text 'locked_out_user' in the given field.</msg>
<arg>id=user-name</arg>
<arg>${USERNAME}</arg>
<tag>PageContent</tag>
<tag>Setter</tag>
<doc>Clears and fills the given ``txt`` into the text field found by ``selector``.</doc>
<status status="PASS" start="2026-03-07T18:07:37.855704" elapsed="0.059016"/>
</kw>
<kw name="Fill Text" owner="Browser">
<msg time="2026-03-07T18:07:37.915800" level="INFO">Fills the text 'secret_sauce' in the given field.</msg>
<arg>id=password</arg>
<arg>${PASSWORD}</arg>
<tag>PageContent</tag>
<tag>Setter</tag>
<doc>Clears and fills the given ``txt`` into the text field found by ``selector``.</doc>
<status status="PASS" start="2026-03-07T18:07:37.915099" elapsed="0.027805"/>
</kw>
<kw name="Click" owner="Browser">
<msg time="2026-03-07T18:07:37.944511" level="INFO">Clicks the element 'id=login-button'.</msg>
<arg>id=login-button</arg>
<tag>PageContent</tag>
<tag>Setter</tag>
<doc>Simulates mouse click on the element found by ``selector``.</doc>
<status status="PASS" start="2026-03-07T18:07:37.943371" elapsed="0.329521"/>
</kw>
<kw name="Wait For Elements State" owner="Browser">
<msg time="2026-03-07T18:07:38.334394" level="INFO">Waited for Element with selector css=[data-test="error"] at state visible</msg>
<arg>css=[data-test="error"]</arg>
<arg>visible</arg>
<arg>timeout=5s</arg>
<tag>PageContent</tag>
<tag>Wait</tag>
<doc>Waits for the element found by ``selector`` to satisfy state option.</doc>
<status status="PASS" start="2026-03-07T18:07:38.273241" elapsed="0.061389"/>
</kw>
<kw name="Get Element Count" owner="Browser">
<msg time="2026-03-07T18:07:38.346563" level="INFO">${addToCart} = 0</msg>
<var>${addToCart}</var>
<arg>css=[data-test="shopping-cart-link"]</arg>
<tag>Assertion</tag>
<tag>Getter</tag>
<tag>PageContent</tag>
<doc>Returns the count of elements found with ``selector``.</doc>
<status status="PASS" start="2026-03-07T18:07:38.335086" elapsed="0.011554"/>
</kw>
<kw name="Should Be Equal As Integers" owner="BuiltIn">
<msg time="2026-03-07T18:07:38.347764" level="INFO">Argument types are:
&lt;class 'int'&gt;
&lt;class 'str'&gt;</msg>
<arg>${addToCart}</arg>
<arg>0</arg>
<doc>Fails if objects are unequal after converting them to integers.</doc>
<status status="PASS" start="2026-03-07T18:07:38.347038" elapsed="0.000854"/>
</kw>
<kw name="Close Browser" owner="Browser">
<msg time="2026-03-07T18:07:38.564060" level="INFO">Closed browser</msg>
<tag>BrowserControl</tag>
<tag>Setter</tag>
<doc>Closes the current browser.</doc>
<status status="PASS" start="2026-03-07T18:07:38.348187" elapsed="0.216045"/>
</kw>
<tag>SWAG-27</tag>
<status status="PASS" start="2026-03-07T18:07:34.810950" elapsed="3.753593"/>
</test>
<status status="PASS" start="2026-03-07T18:07:34.543511" elapsed="4.032210"/>
</suite>
<status status="PASS" start="2026-03-07T18:07:34.541640" elapsed="4.041741"/>
</suite>
<suite id="s1-s1-s2" name="Login Standard User" source="/home/administrateur/PhpstormProjects/swag_labs/tests/login/login_standard_user">
<suite id="s1-s1-s2-s1" name="Login Standard User Tests" source="/home/administrateur/PhpstormProjects/swag_labs/tests/login/login_standard_user/login_standard_user_tests.robot">
<test id="s1-s1-s2-s1-t1" name="Login identifiants valides" line="10">
<kw name="Log" owner="BuiltIn">
<msg time="2026-03-07T18:07:38.594289" level="INFO">Execution SWAG-25 Login identifiants valides</msg>
<arg>Execution SWAG-25 Login identifiants valides</arg>
<doc>Logs the given message with the given level.</doc>
<status status="PASS" start="2026-03-07T18:07:38.593705" elapsed="0.000652"/>
</kw>
<kw name="Open Login Page" owner="keywords">
<kw name="New Browser" owner="Browser">
<msg time="2026-03-07T18:07:38.595701" level="INFO">{"browser": "chromium", "headless": false, "chromiumSandbox": false, "devtools": false, "handleSIGHUP": true, "handleSIGINT": true, "handleSIGTERM": true, "slowMo": 0.0, "timeout": 30000.0, "tracesDir": "/home/administrateur/PhpstormProjects/swag_labs/browser/traces/temp/bafbe99a-551e-47c0-859e-36ccdbd791fc"}</msg>
<msg time="2026-03-07T18:07:38.883526" level="INFO">Successfully created browser with options: {"browser":"chromium","headless":false,"chromiumSandbox":false,"devtools":false,"handleSIGHUP":true,"handleSIGINT":true,"handleSIGTERM":true,"slowMo":0,"timeout":30000,"tracesDir":"/home/administrateur/PhpstormProjects/swag_labs/browser/traces/temp/bafbe99a-551e-47c0-859e-36ccdbd791fc"}</msg>
<arg>chromium</arg>
<arg>headless=False</arg>
<tag>BrowserControl</tag>
<tag>Setter</tag>
<doc>Create a new playwright Browser with specified options.</doc>
<status status="PASS" start="2026-03-07T18:07:38.595022" elapsed="0.288925"/>
</kw>
<kw name="New Context" owner="Browser">
<msg time="2026-03-07T18:07:38.885984" level="INFO">{
  "acceptDownloads": true,
  "bypassCSP": false,
  "forcedColors": "none",
  "ignoreHTTPSErrors": false,
  "javaScriptEnabled": true,
  "offline": false,
  "reducedMotion": "no-preference",
  "serviceWorkers": "allow",
  "viewport": {
    "width": 1280,
    "height": 720
  }
}</msg>
<msg time="2026-03-07T18:07:38.900119" level="INFO">Successfully created context. </msg>
<msg time="2026-03-07T18:07:38.900235" level="INFO">{'acceptDownloads': True, 'bypassCSP': False, 'forcedColors': 'none', 'ignoreHTTPSErrors': False, 'javaScriptEnabled': True, 'offline': False, 'reducedMotion': 'no-preference', 'serviceWorkers': 'allow', 'viewport': {'width': 1280, 'height': 720}}</msg>
<tag>BrowserControl</tag>
<tag>Setter</tag>
<doc>Create a new BrowserContext with specified options.</doc>
<status status="PASS" start="2026-03-07T18:07:38.884299" elapsed="0.016043"/>
</kw>
<kw name="New Page" owner="Browser">
<msg time="2026-03-07T18:07:39.506561" level="INFO">Successfully initialized new page object and opened url: https://www.saucedemo.com/</msg>
<arg>${URL}</arg>
<tag>BrowserControl</tag>
<tag>Setter</tag>
<doc>Open a new Page.</doc>
<status status="PASS" start="2026-03-07T18:07:38.900621" elapsed="0.606267"/>
</kw>
<status status="PASS" start="2026-03-07T18:07:38.594614" elapsed="0.912399"/>
</kw>
<kw name="Fill Text" owner="Browser">
<msg time="2026-03-07T18:07:39.507771" level="INFO">Fills the text 'standard_user' in the given field.</msg>
<arg>id=user-name</arg>
<arg>${USERNAME}</arg>
<tag>PageContent</tag>
<tag>Setter</tag>
<doc>Clears and fills the given ``txt`` into the text field found by ``selector``.</doc>
<status status="PASS" start="2026-03-07T18:07:39.507218" elapsed="0.040866"/>
</kw>
<kw name="Fill Text" owner="Browser">
<msg time="2026-03-07T18:07:39.548949" level="INFO">Fills the text 'secret_sauce' in the given field.</msg>
<arg>id=password</arg>
<arg>${PASSWORD}</arg>
<tag>PageContent</tag>
<tag>Setter</tag>
<doc>Clears and fills the given ``txt`` into the text field found by ``selector``.</doc>
<status status="PASS" start="2026-03-07T18:07:39.548395" elapsed="0.019114"/>
</kw>
<kw name="Click" owner="Browser">
<msg time="2026-03-07T18:07:39.568683" level="INFO">Clicks the element 'id=login-button'.</msg>
<arg>id=login-button</arg>
<tag>PageContent</tag>
<tag>Setter</tag>
<doc>Simulates mouse click on the element found by ``selector``.</doc>
<status status="PASS" start="2026-03-07T18:07:39.567943" elapsed="0.166044"/>
</kw>
<kw name="Wait For Elements State" owner="Browser">
<msg time="2026-03-07T18:07:39.751078" level="INFO">Waited for Element with selector text="Swag Labs" at state visible</msg>
<arg>text="Swag Labs"</arg>
<arg>visible</arg>
<arg>timeout=5s</arg>
<tag>PageContent</tag>
<tag>Wait</tag>
<doc>Waits for the element found by ``selector`` to satisfy state option.</doc>
<status status="PASS" start="2026-03-07T18:07:39.734363" elapsed="0.017031"/>
</kw>
<kw name="Close Browser" owner="Browser">
<msg time="2026-03-07T18:07:40.240846" level="INFO">Closed browser</msg>
<tag>BrowserControl</tag>
<tag>Setter</tag>
<doc>Closes the current browser.</doc>
<status status="PASS" start="2026-03-07T18:07:39.751808" elapsed="0.489208"/>
</kw>
<tag>SWAG-25</tag>
<status status="PASS" start="2026-03-07T18:07:38.590047" elapsed="1.651171"/>
</test>
<test id="s1-s1-s2-s1-t2" name="Login nom d'utilisateur invalide" line="23">
<kw name="Log" owner="BuiltIn">
<msg time="2026-03-07T18:07:40.249640" level="INFO">Execution SWAG-26 Login nom d'utilisateur invalide</msg>
<arg>Execution SWAG-26 Login nom d'utilisateur invalide</arg>
<doc>Logs the given message with the given level.</doc>
<status status="PASS" start="2026-03-07T18:07:40.249300" elapsed="0.000389"/>
</kw>
<kw name="Open Login Page" owner="keywords">
<kw name="New Browser" owner="Browser">
<msg time="2026-03-07T18:07:40.250916" level="INFO">{"browser": "chromium", "headless": false, "chromiumSandbox": false, "devtools": false, "handleSIGHUP": true, "handleSIGINT": true, "handleSIGTERM": true, "slowMo": 0.0, "timeout": 30000.0, "tracesDir": "/home/administrateur/PhpstormProjects/swag_labs/browser/traces/temp/d80443f5-cf8e-47af-819e-75bb1553a26d"}</msg>
<msg time="2026-03-07T18:07:40.535381" level="INFO">Successfully created browser with options: {"browser":"chromium","headless":false,"chromiumSandbox":false,"devtools":false,"handleSIGHUP":true,"handleSIGINT":true,"handleSIGTERM":true,"slowMo":0,"timeout":30000,"tracesDir":"/home/administrateur/PhpstormProjects/swag_labs/browser/traces/temp/d80443f5-cf8e-47af-819e-75bb1553a26d"}</msg>
<arg>chromium</arg>
<arg>headless=False</arg>
<tag>BrowserControl</tag>
<tag>Setter</tag>
<doc>Create a new playwright Browser with specified options.</doc>
<status status="PASS" start="2026-03-07T18:07:40.250328" elapsed="0.285570"/>
</kw>
<kw name="New Context" owner="Browser">
<msg time="2026-03-07T18:07:40.540040" level="INFO">{
  "acceptDownloads": true,
  "bypassCSP": false,
  "forcedColors": "none",
  "ignoreHTTPSErrors": false,
  "javaScriptEnabled": true,
  "offline": false,
  "reducedMotion": "no-preference",
  "serviceWorkers": "allow",
  "viewport": {
    "width": 1280,
    "height": 720
  }
}</msg>
<msg time="2026-03-07T18:07:40.559012" level="INFO">Successfully created context. </msg>
<msg time="2026-03-07T18:07:40.559119" level="INFO">{'acceptDownloads': True, 'bypassCSP': False, 'forcedColors': 'none', 'ignoreHTTPSErrors': False, 'javaScriptEnabled': True, 'offline': False, 'reducedMotion': 'no-preference', 'serviceWorkers': 'allow', 'viewport': {'width': 1280, 'height': 720}}</msg>
<tag>BrowserControl</tag>
<tag>Setter</tag>
<doc>Create a new BrowserContext with specified options.</doc>
<status status="PASS" start="2026-03-07T18:07:40.537912" elapsed="0.021284"/>
</kw>
<kw name="New Page" owner="Browser">
<msg time="2026-03-07T18:07:41.131593" level="INFO">Successfully initialized new page object and opened url: https://www.saucedemo.com/</msg>
<arg>${URL}</arg>
<tag>BrowserControl</tag>
<tag>Setter</tag>
<doc>Open a new Page.</doc>
<status status="PASS" start="2026-03-07T18:07:40.559375" elapsed="0.572477"/>
</kw>
<status status="PASS" start="2026-03-07T18:07:40.249983" elapsed="0.881996"/>
</kw>
<kw name="Fill Text" owner="Browser">
<msg time="2026-03-07T18:07:41.132811" level="INFO">Fills the text 'wrong_username' in the given field.</msg>
<arg>id=user-name</arg>
<arg>${WRONGUSERNAME}</arg>
<tag>PageContent</tag>
<tag>Setter</tag>
<doc>Clears and fills the given ``txt`` into the text field found by ``selector``.</doc>
<status status="PASS" start="2026-03-07T18:07:41.132186" elapsed="0.044363"/>
</kw>
<kw name="Fill Text" owner="Browser">
<msg time="2026-03-07T18:07:41.177365" level="INFO">Fills the text 'secret_sauce' in the given field.</msg>
<arg>id=password</arg>
<arg>${PASSWORD}</arg>
<tag>PageContent</tag>
<tag>Setter</tag>
<doc>Clears and fills the given ``txt`` into the text field found by ``selector``.</doc>
<status status="PASS" start="2026-03-07T18:07:41.176867" elapsed="0.018491"/>
</kw>
<kw name="Click" owner="Browser">
<msg time="2026-03-07T18:07:41.196597" level="INFO">Clicks the element 'id=login-button'.</msg>
<arg>id=login-button</arg>
<tag>PageContent</tag>
<tag>Setter</tag>
<doc>Simulates mouse click on the element found by ``selector``.</doc>
<status status="PASS" start="2026-03-07T18:07:41.195714" elapsed="0.120285"/>
</kw>
<kw name="Wait For Elements State" owner="Browser">
<msg time="2026-03-07T18:07:41.331547" level="INFO">Waited for Element with selector css=[data-test="error"] at state visible</msg>
<arg>css=[data-test="error"]</arg>
<arg>visible</arg>
<arg>timeout=5s</arg>
<tag>PageContent</tag>
<tag>Wait</tag>
<doc>Waits for the element found by ``selector`` to satisfy state option.</doc>
<status status="PASS" start="2026-03-07T18:07:41.316420" elapsed="0.015485"/>
</kw>
<kw name="Get Element Count" owner="Browser">
<msg time="2026-03-07T18:07:41.340377" level="INFO">${productsText} = 0</msg>
<var>${productsText}</var>
<arg>text="Products"</arg>
<tag>Assertion</tag>
<tag>Getter</tag>
<tag>PageContent</tag>
<doc>Returns the count of elements found with ``selector``.</doc>
<status status="PASS" start="2026-03-07T18:07:41.332319" elapsed="0.008109"/>
</kw>
<kw name="Should Be Equal As Integers" owner="BuiltIn">
<msg time="2026-03-07T18:07:41.341348" level="INFO">Argument types are:
&lt;class 'int'&gt;
&lt;class 'str'&gt;</msg>
<arg>${productsText}</arg>
<arg>0</arg>
<doc>Fails if objects are unequal after converting them to integers.</doc>
<status status="PASS" start="2026-03-07T18:07:41.340722" elapsed="0.000751"/>
</kw>
<kw name="Get Element Count" owner="Browser">
<msg time="2026-03-07T18:07:41.349684" level="INFO">${addToCart} = 0</msg>
<var>${addToCart}</var>
<arg>css=[data-test="add-to-cart-sauce-labs-backpack"]</arg>
<tag>Assertion</tag>
<tag>Getter</tag>
<tag>PageContent</tag>
<doc>Returns the count of elements found with ``selector``.</doc>
<status status="PASS" start="2026-03-07T18:07:41.341828" elapsed="0.007987"/>
</kw>
<kw name="Should Be Equal As Integers" owner="BuiltIn">
<msg time="2026-03-07T18:07:41.350905" level="INFO">Argument types are:
&lt;class 'int'&gt;
&lt;class 'str'&gt;</msg>
<arg>${addToCart}</arg>
<arg>0</arg>
<doc>Fails if objects are unequal after converting them to integers.</doc>
<status status="PASS" start="2026-03-07T18:07:41.350264" elapsed="0.000741"/>
</kw>
<kw name="Close Browser" owner="Browser">
<msg time="2026-03-07T18:07:41.912554" level="INFO">Closed browser</msg>
<tag>BrowserControl</tag>
<tag>Setter</tag>
<doc>Closes the current browser.</doc>
<status status="PASS" start="2026-03-07T18:07:41.351257" elapsed="0.561604"/>
</kw>
<tag>SWAG-26</tag>
<status status="PASS" start="2026-03-07T18:07:40.246786" elapsed="1.666398"/>
</test>
<test id="s1-s1-s2-s1-t3" name="Login mot de passe invalide" line="42">
<kw name="Log" owner="BuiltIn">
<msg time="2026-03-07T18:07:41.924527" level="INFO">Exécution SWAG-30 Login mot de passe invalide</msg>
<arg>Exécution SWAG-30 Login mot de passe invalide</arg>
<doc>Logs the given message with the given level.</doc>
<status status="PASS" start="2026-03-07T18:07:41.923955" elapsed="0.000661"/>
</kw>
<kw name="Open Login Page" owner="keywords">
<kw name="New Browser" owner="Browser">
<msg time="2026-03-07T18:07:41.926525" level="INFO">{"browser": "chromium", "headless": false, "chromiumSandbox": false, "devtools": false, "handleSIGHUP": true, "handleSIGINT": true, "handleSIGTERM": true, "slowMo": 0.0, "timeout": 30000.0, "tracesDir": "/home/administrateur/PhpstormProjects/swag_labs/browser/traces/temp/997d75f7-4e5f-4a95-99e2-db23fdb97729"}</msg>
<msg time="2026-03-07T18:07:42.281303" level="INFO">Successfully created browser with options: {"browser":"chromium","headless":false,"chromiumSandbox":false,"devtools":false,"handleSIGHUP":true,"handleSIGINT":true,"handleSIGTERM":true,"slowMo":0,"timeout":30000,"tracesDir":"/home/administrateur/PhpstormProjects/swag_labs/browser/traces/temp/997d75f7-4e5f-4a95-99e2-db23fdb97729"}</msg>
<arg>chromium</arg>
<arg>headless=False</arg>
<tag>BrowserControl</tag>
<tag>Setter</tag>
<doc>Create a new playwright Browser with specified options.</doc>
<status status="PASS" start="2026-03-07T18:07:41.925527" elapsed="0.356123"/>
</kw>
<kw name="New Context" owner="Browser">
<msg time="2026-03-07T18:07:42.283817" level="INFO">{
  "acceptDownloads": true,
  "bypassCSP": false,
  "forcedColors": "none",
  "ignoreHTTPSErrors": false,
  "javaScriptEnabled": true,
  "offline": false,
  "reducedMotion": "no-preference",
  "serviceWorkers": "allow",
  "viewport": {
    "width": 1280,
    "height": 720
  }
}</msg>
<msg time="2026-03-07T18:07:42.301102" level="INFO">Successfully created context. </msg>
<msg time="2026-03-07T18:07:42.301245" level="INFO">{'acceptDownloads': True, 'bypassCSP': False, 'forcedColors': 'none', 'ignoreHTTPSErrors': False, 'javaScriptEnabled': True, 'offline': False, 'reducedMotion': 'no-preference', 'serviceWorkers': 'allow', 'viewport': {'width': 1280, 'height': 720}}</msg>
<tag>BrowserControl</tag>
<tag>Setter</tag>
<doc>Create a new BrowserContext with specified options.</doc>
<status status="PASS" start="2026-03-07T18:07:42.282029" elapsed="0.019333"/>
</kw>
<kw name="New Page" owner="Browser">
<msg time="2026-03-07T18:07:43.924878" level="INFO">Successfully initialized new page object and opened url: https://www.saucedemo.com/</msg>
<arg>${URL}</arg>
<tag>BrowserControl</tag>
<tag>Setter</tag>
<doc>Open a new Page.</doc>
<status status="PASS" start="2026-03-07T18:07:42.301633" elapsed="1.623461"/>
</kw>
<status status="PASS" start="2026-03-07T18:07:41.924997" elapsed="2.000206"/>
</kw>
<kw name="Fill Text" owner="Browser">
<msg time="2026-03-07T18:07:43.926028" level="INFO">Fills the text 'standard_user' in the given field.</msg>
<arg>id=user-name</arg>
<arg>${USERNAME}</arg>
<tag>PageContent</tag>
<tag>Setter</tag>
<doc>Clears and fills the given ``txt`` into the text field found by ``selector``.</doc>
<status status="PASS" start="2026-03-07T18:07:43.925385" elapsed="0.039181"/>
</kw>
<kw name="Fill Text" owner="Browser">
<msg time="2026-03-07T18:07:43.965551" level="INFO">Fills the text 'wrong_password' in the given field.</msg>
<arg>id=password</arg>
<arg>${WRONGPASSWORD}</arg>
<tag>PageContent</tag>
<tag>Setter</tag>
<doc>Clears and fills the given ``txt`` into the text field found by ``selector``.</doc>
<status status="PASS" start="2026-03-07T18:07:43.964976" elapsed="0.016511"/>
</kw>
<kw name="Click" owner="Browser">
<msg time="2026-03-07T18:07:43.982481" level="INFO">Clicks the element 'id=login-button'.</msg>
<arg>id=login-button</arg>
<tag>PageContent</tag>
<tag>Setter</tag>
<doc>Simulates mouse click on the element found by ``selector``.</doc>
<status status="PASS" start="2026-03-07T18:07:43.981858" elapsed="0.175325"/>
</kw>
<kw name="Wait For Elements State" owner="Browser">
<msg time="2026-03-07T18:07:44.166052" level="INFO">Waited for Element with selector css=[data-test="error"] at state visible</msg>
<arg>css=[data-test="error"]</arg>
<arg>visible</arg>
<arg>timeout=5s</arg>
<tag>PageContent</tag>
<tag>Wait</tag>
<doc>Waits for the element found by ``selector`` to satisfy state option.</doc>
<status status="PASS" start="2026-03-07T18:07:44.157522" elapsed="0.008790"/>
</kw>
<kw name="Get Element Count" owner="Browser">
<msg time="2026-03-07T18:07:44.179437" level="INFO">${addToCart} = 0</msg>
<var>${addToCart}</var>
<arg>css=[data-test="shopping-cart-link"]</arg>
<tag>Assertion</tag>
<tag>Getter</tag>
<tag>PageContent</tag>
<doc>Returns the count of elements found with ``selector``.</doc>
<status status="PASS" start="2026-03-07T18:07:44.166971" elapsed="0.012541"/>
</kw>
<kw name="Should Be Equal As Integers" owner="BuiltIn">
<msg time="2026-03-07T18:07:44.180578" level="INFO">Argument types are:
&lt;class 'int'&gt;
&lt;class 'str'&gt;</msg>
<arg>${addToCart}</arg>
<arg>0</arg>
<doc>Fails if objects are unequal after converting them to integers.</doc>
<status status="PASS" start="2026-03-07T18:07:44.179908" elapsed="0.000768"/>
</kw>
<kw name="Close Browser" owner="Browser">
<msg time="2026-03-07T18:07:44.395791" level="INFO">Closed browser</msg>
<tag>BrowserControl</tag>
<tag>Setter</tag>
<doc>Closes the current browser.</doc>
<status status="PASS" start="2026-03-07T18:07:44.180992" elapsed="0.215119"/>
</kw>
<tag>SWAG-30</tag>
<status status="PASS" start="2026-03-07T18:07:41.919871" elapsed="2.476578"/>
</test>
<status status="PASS" start="2026-03-07T18:07:38.585198" elapsed="5.817925"/>
</suite>
<status status="PASS" start="2026-03-07T18:07:38.583840" elapsed="5.826939"/>
</suite>
<status status="PASS" start="2026-03-07T18:07:34.539302" elapsed="9.871972"/>
</suite>
<suite id="s1-s2" name="Logout" source="/home/administrateur/PhpstormProjects/swag_labs/tests/logout">
<suite id="s1-s2-s1" name="Logout Standard User" source="/home/administrateur/PhpstormProjects/swag_labs/tests/logout/logout_standard_user.robot">
<test id="s1-s2-s1-t1" name="Déconnexion" line="16">
<kw name="Log" owner="BuiltIn">
<msg time="2026-03-07T18:07:44.421809" level="INFO">Exécution SWAG-28 Déconnexion</msg>
<arg>Exécution SWAG-28 Déconnexion</arg>
<doc>Logs the given message with the given level.</doc>
<status status="PASS" start="2026-03-07T18:07:44.421321" elapsed="0.000559"/>
</kw>
<kw name="Connect user">
<kw name="Open Login Page" owner="keywords">
<kw name="New Browser" owner="Browser">
<msg time="2026-03-07T18:07:44.423517" level="INFO">{"browser": "chromium", "headless": false, "chromiumSandbox": false, "devtools": false, "handleSIGHUP": true, "handleSIGINT": true, "handleSIGTERM": true, "slowMo": 0.0, "timeout": 30000.0, "tracesDir": "/home/administrateur/PhpstormProjects/swag_labs/browser/traces/temp/3431b14b-72b3-430f-801d-5b84bd6a6622"}</msg>
<msg time="2026-03-07T18:07:44.723192" level="INFO">Successfully created browser with options: {"browser":"chromium","headless":false,"chromiumSandbox":false,"devtools":false,"handleSIGHUP":true,"handleSIGINT":true,"handleSIGTERM":true,"slowMo":0,"timeout":30000,"tracesDir":"/home/administrateur/PhpstormProjects/swag_labs/browser/traces/temp/3431b14b-72b3-430f-801d-5b84bd6a6622"}</msg>
<arg>chromium</arg>
<arg>headless=False</arg>
<tag>BrowserControl</tag>
<tag>Setter</tag>
<doc>Create a new playwright Browser with specified options.</doc>
<status status="PASS" start="2026-03-07T18:07:44.422895" elapsed="0.300586"/>
</kw>
<kw name="New Context" owner="Browser">
<msg time="2026-03-07T18:07:44.725329" level="INFO">{
  "acceptDownloads": true,
  "bypassCSP": false,
  "forcedColors": "none",
  "ignoreHTTPSErrors": false,
  "javaScriptEnabled": true,
  "offline": false,
  "reducedMotion": "no-preference",
  "serviceWorkers": "allow",
  "viewport": {
    "width": 1280,
    "height": 720
  }
}</msg>
<msg time="2026-03-07T18:07:44.737719" level="INFO">Successfully created context. </msg>
<msg time="2026-03-07T18:07:44.737836" level="INFO">{'acceptDownloads': True, 'bypassCSP': False, 'forcedColors': 'none', 'ignoreHTTPSErrors': False, 'javaScriptEnabled': True, 'offline': False, 'reducedMotion': 'no-preference', 'serviceWorkers': 'allow', 'viewport': {'width': 1280, 'height': 720}}</msg>
<tag>BrowserControl</tag>
<tag>Setter</tag>
<doc>Create a new BrowserContext with specified options.</doc>
<status status="PASS" start="2026-03-07T18:07:44.723726" elapsed="0.014190"/>
</kw>
<kw name="New Page" owner="Browser">
<msg time="2026-03-07T18:07:45.720811" level="INFO">Successfully initialized new page object and opened url: https://www.saucedemo.com/</msg>
<arg>${URL}</arg>
<tag>BrowserControl</tag>
<tag>Setter</tag>
<doc>Open a new Page.</doc>
<status status="PASS" start="2026-03-07T18:07:44.738093" elapsed="0.983063"/>
</kw>
<status status="PASS" start="2026-03-07T18:07:44.422609" elapsed="1.298713"/>
</kw>
<kw name="Fill Text" owner="Browser">
<msg time="2026-03-07T18:07:45.722448" level="INFO">Fills the text 'standard_user' in the given field.</msg>
<arg>id=user-name</arg>
<arg>${USERNAME}</arg>
<tag>PageContent</tag>
<tag>Setter</tag>
<doc>Clears and fills the given ``txt`` into the text field found by ``selector``.</doc>
<status status="PASS" start="2026-03-07T18:07:45.721522" elapsed="0.050808"/>
</kw>
<kw name="Fill Text" owner="Browser">
<msg time="2026-03-07T18:07:45.773088" level="INFO">Fills the text 'secret_sauce' in the given field.</msg>
<arg>id=password</arg>
<arg>${PASSWORD}</arg>
<tag>PageContent</tag>
<tag>Setter</tag>
<doc>Clears and fills the given ``txt`` into the text field found by ``selector``.</doc>
<status status="PASS" start="2026-03-07T18:07:45.772542" elapsed="0.018379"/>
</kw>
<kw name="Click" owner="Browser">
<msg time="2026-03-07T18:07:45.791860" level="INFO">Clicks the element 'id=login-button'.</msg>
<arg>id=login-button</arg>
<tag>PageContent</tag>
<tag>Setter</tag>
<doc>Simulates mouse click on the element found by ``selector``.</doc>
<status status="PASS" start="2026-03-07T18:07:45.791191" elapsed="0.277922"/>
</kw>
<kw name="Wait For Elements State" owner="Browser">
<msg time="2026-03-07T18:07:46.079885" level="INFO">Waited for Element with selector text="Swag Labs" at state visible</msg>
<arg>text="Swag Labs"</arg>
<arg>visible</arg>
<arg>timeout=5s</arg>
<tag>PageContent</tag>
<tag>Wait</tag>
<doc>Waits for the element found by ``selector`` to satisfy state option.</doc>
<status status="PASS" start="2026-03-07T18:07:46.069387" elapsed="0.010737"/>
</kw>
<status status="PASS" start="2026-03-07T18:07:44.422196" elapsed="1.658088"/>
</kw>
<kw name="Click" owner="Browser">
<msg time="2026-03-07T18:07:46.081297" level="INFO">Clicks the element 'id=react-burger-menu-btn'.</msg>
<arg>id=react-burger-menu-btn</arg>
<tag>PageContent</tag>
<tag>Setter</tag>
<doc>Simulates mouse click on the element found by ``selector``.</doc>
<status status="PASS" start="2026-03-07T18:07:46.080541" elapsed="0.146442"/>
</kw>
<kw name="Click" owner="Browser">
<msg time="2026-03-07T18:07:46.227893" level="INFO">Clicks the element 'css=[data-test="logout-sidebar-link"]'.</msg>
<arg>css=[data-test="logout-sidebar-link"]</arg>
<tag>PageContent</tag>
<tag>Setter</tag>
<doc>Simulates mouse click on the element found by ``selector``.</doc>
<status status="PASS" start="2026-03-07T18:07:46.227289" elapsed="1.089231"/>
</kw>
<kw name="Close Browser" owner="Browser">
<msg time="2026-03-07T18:07:47.615409" level="INFO">Closed browser</msg>
<tag>BrowserControl</tag>
<tag>Setter</tag>
<doc>Closes the current browser.</doc>
<status status="PASS" start="2026-03-07T18:07:47.317151" elapsed="0.298469"/>
</kw>
<tag>SWAG-28</tag>
<status status="PASS" start="2026-03-07T18:07:44.418089" elapsed="3.197831"/>
</test>
<status status="PASS" start="2026-03-07T18:07:44.413113" elapsed="3.213524"/>
</suite>
<status status="PASS" start="2026-03-07T18:07:44.411714" elapsed="3.224969"/>
</suite>
<status status="PASS" start="2026-03-07T18:07:34.484661" elapsed="13.152587"/>
</suite>
<statistics>
<total>
<stat pass="5" fail="0" skip="0">All Tests</stat>
</total>
<tag>
<stat pass="1" fail="0" skip="0">SWAG-25</stat>
<stat pass="1" fail="0" skip="0">SWAG-26</stat>
<stat pass="1" fail="0" skip="0">SWAG-27</stat>
<stat pass="1" fail="0" skip="0">SWAG-28</stat>
<stat pass="1" fail="0" skip="0">SWAG-30</stat>
</tag>
<suite>
<stat name="Tests" id="s1" pass="5" fail="0" skip="0">Tests</stat>
<stat name="Login" id="s1-s1" pass="4" fail="0" skip="0">Tests.Login</stat>
<stat name="Login Blocked User" id="s1-s1-s1" pass="1" fail="0" skip="0">Tests.Login.Login Blocked User</stat>
<stat name="Login Blocked User Tests" id="s1-s1-s1-s1" pass="1" fail="0" skip="0">Tests.Login.Login Blocked User.Login Blocked User Tests</stat>
<stat name="Login Standard User" id="s1-s1-s2" pass="3" fail="0" skip="0">Tests.Login.Login Standard User</stat>
<stat name="Login Standard User Tests" id="s1-s1-s2-s1" pass="3" fail="0" skip="0">Tests.Login.Login Standard User.Login Standard User Tests</stat>
<stat name="Logout" id="s1-s2" pass="1" fail="0" skip="0">Tests.Logout</stat>
<stat name="Logout Standard User" id="s1-s2-s1" pass="1" fail="0" skip="0">Tests.Logout.Logout Standard User</stat>
</suite>
</statistics>
<errors>
</errors>
</robot>
