<?xml version="1.0" encoding="UTF-8"?>
<robot generator="Robot 7.4.1 (Python 3.12.3 on linux)" generated="2026-03-07T16:28:17.461513" rpa="false" schemaversion="5">
<suite id="s1" name="Login Blocked User Tests" source="/home/administrateur/PhpstormProjects/swag_labs/tests/login/login_blocked_user/login_blocked_user_tests.robot">
<test id="s1-t1" name="Login compte bloqué" line="10">
<kw name="Log" owner="BuiltIn">
<msg time="2026-03-07T16:28:17.581692" level="INFO">Exécution SWAG-27 Login compte bloqué</msg>
<arg>Exécution SWAG-27 Login compte bloqué</arg>
<doc>Logs the given message with the given level.</doc>
<status status="PASS" start="2026-03-07T16:28:17.581273" elapsed="0.000501"/>
</kw>
<kw name="Open Login Page" owner="keywords">
<kw name="New Browser" owner="Browser">
<msg time="2026-03-07T16:28:17.582769" level="INFO">{"browser": "chromium", "headless": false, "chromiumSandbox": false, "devtools": false, "handleSIGHUP": true, "handleSIGINT": true, "handleSIGTERM": true, "slowMo": 0.0, "timeout": 30000.0, "tracesDir": "/home/administrateur/PhpstormProjects/swag_labs/tests/login/login_blocked_user/browser/traces/temp/8e5aff68-6259-49ee-9dd8-46502547e1d1"}</msg>
<msg time="2026-03-07T16:28:17.588588" level="INFO">Starting Browser process /home/administrateur/PhpstormProjects/swag_labs/venv/lib/python3.12/site-packages/Browser/wrapper/index.js using at 127.0.0.1:45567</msg>
<msg time="2026-03-07T16:28:18.370969" level="INFO">Successfully created browser with options: {"browser":"chromium","headless":false,"chromiumSandbox":false,"devtools":false,"handleSIGHUP":true,"handleSIGINT":true,"handleSIGTERM":true,"slowMo":0,"timeout":30000,"tracesDir":"/home/administrateur/PhpstormProjects/swag_labs/tests/login/login_blocked_user/browser/traces/temp/8e5aff68-6259-49ee-9dd8-46502547e1d1"}</msg>
<arg>chromium</arg>
<arg>headless=False</arg>
<tag>BrowserControl</tag>
<tag>Setter</tag>
<doc>Create a new playwright Browser with specified options.</doc>
<status status="PASS" start="2026-03-07T16:28:17.582275" elapsed="0.788983"/>
</kw>
<kw name="New Context" owner="Browser">
<msg time="2026-03-07T16:28:18.373197" level="INFO">{
  "acceptDownloads": true,
  "bypassCSP": false,
  "forcedColors": "none",
  "ignoreHTTPSErrors": false,
  "javaScriptEnabled": true,
  "offline": false,
  "reducedMotion": "no-preference",
  "serviceWorkers": "allow",
  "viewport": {
    "width": 1280,
    "height": 720
  }
}</msg>
<msg time="2026-03-07T16:28:18.390579" level="INFO">Successfully created context. </msg>
<msg time="2026-03-07T16:28:18.390778" level="INFO">{'acceptDownloads': True, 'bypassCSP': False, 'forcedColors': 'none', 'ignoreHTTPSErrors': False, 'javaScriptEnabled': True, 'offline': False, 'reducedMotion': 'no-preference', 'serviceWorkers': 'allow', 'viewport': {'width': 1280, 'height': 720}}</msg>
<tag>BrowserControl</tag>
<tag>Setter</tag>
<doc>Create a new BrowserContext with specified options.</doc>
<status status="PASS" start="2026-03-07T16:28:18.371582" elapsed="0.019340"/>
</kw>
<kw name="New Page" owner="Browser">
<msg time="2026-03-07T16:28:18.941821" level="INFO">Successfully initialized new page object and opened url: https://www.saucedemo.com/</msg>
<arg>${URL}</arg>
<tag>BrowserControl</tag>
<tag>Setter</tag>
<doc>Open a new Page.</doc>
<status status="PASS" start="2026-03-07T16:28:18.391141" elapsed="0.550982"/>
</kw>
<status status="PASS" start="2026-03-07T16:28:17.582016" elapsed="1.360256"/>
</kw>
<kw name="Fill Text" owner="Browser">
<msg time="2026-03-07T16:28:18.943207" level="INFO">Fills the text 'locked_out_user' in the given field.</msg>
<arg>id=user-name</arg>
<arg>${USERNAME}</arg>
<tag>PageContent</tag>
<tag>Setter</tag>
<doc>Clears and fills the given ``txt`` into the text field found by ``selector``.</doc>
<status status="PASS" start="2026-03-07T16:28:18.942513" elapsed="0.047083"/>
</kw>
<kw name="Fill Text" owner="Browser">
<msg time="2026-03-07T16:28:18.990540" level="INFO">Fills the text 'secret_sauce' in the given field.</msg>
<arg>id=password</arg>
<arg>${PASSWORD}</arg>
<tag>PageContent</tag>
<tag>Setter</tag>
<doc>Clears and fills the given ``txt`` into the text field found by ``selector``.</doc>
<status status="PASS" start="2026-03-07T16:28:18.989938" elapsed="0.014273"/>
</kw>
<kw name="Click" owner="Browser">
<msg time="2026-03-07T16:28:19.004950" level="INFO">Clicks the element 'id=login-button'.</msg>
<arg>id=login-button</arg>
<tag>PageContent</tag>
<tag>Setter</tag>
<doc>Simulates mouse click on the element found by ``selector``.</doc>
<status status="PASS" start="2026-03-07T16:28:19.004453" elapsed="0.324840"/>
</kw>
<kw name="Wait For Elements State" owner="Browser">
<msg time="2026-03-07T16:28:19.347666" level="INFO">Waited for Element with selector css=[data-test="error"] at state visible</msg>
<arg>css=[data-test="error"]</arg>
<arg>visible</arg>
<arg>timeout=5s</arg>
<tag>PageContent</tag>
<tag>Wait</tag>
<doc>Waits for the element found by ``selector`` to satisfy state option.</doc>
<status status="PASS" start="2026-03-07T16:28:19.329609" elapsed="0.018275"/>
</kw>
<kw name="Get Element Count" owner="Browser">
<msg time="2026-03-07T16:28:19.359441" level="INFO">${addToCart} = 0</msg>
<var>${addToCart}</var>
<arg>css=[data-test="shopping-cart-link"]</arg>
<tag>Assertion</tag>
<tag>Getter</tag>
<tag>PageContent</tag>
<doc>Returns the count of elements found with ``selector``.</doc>
<status status="PASS" start="2026-03-07T16:28:19.348177" elapsed="0.011325"/>
</kw>
<kw name="Should Be Equal As Integers" owner="BuiltIn">
<msg time="2026-03-07T16:28:19.360424" level="INFO">Argument types are:
&lt;class 'int'&gt;
&lt;class 'str'&gt;</msg>
<arg>${addToCart}</arg>
<arg>0</arg>
<doc>Fails if objects are unequal after converting them to integers.</doc>
<status status="PASS" start="2026-03-07T16:28:19.359838" elapsed="0.000688"/>
</kw>
<kw name="Close Browser" owner="Browser">
<msg time="2026-03-07T16:28:19.486935" level="INFO">Closed browser</msg>
<tag>BrowserControl</tag>
<tag>Setter</tag>
<doc>Closes the current browser.</doc>
<status status="PASS" start="2026-03-07T16:28:19.360816" elapsed="0.126260"/>
</kw>
<tag>SWAG-27</tag>
<status status="PASS" start="2026-03-07T16:28:17.580547" elapsed="1.906737"/>
</test>
<status status="PASS" start="2026-03-07T16:28:17.462246" elapsed="2.050201"/>
</suite>
<statistics>
<total>
<stat pass="1" fail="0" skip="0">All Tests</stat>
</total>
<tag>
<stat pass="1" fail="0" skip="0">SWAG-27</stat>
</tag>
<suite>
<stat name="Login Blocked User Tests" id="s1" pass="1" fail="0" skip="0">Login Blocked User Tests</stat>
</suite>
</statistics>
<errors>
</errors>
</robot>
