<?xml version="1.0" encoding="UTF-8"?>
<robot generator="Robot 7.4.1 (Python 3.12.3 on linux)" generated="2026-03-06T12:42:16.488866" rpa="false" schemaversion="5">
<suite id="s1" name="Login Blocked User Tests" source="/home/administrateur/PhpstormProjects/swag_labs/tests/login/login_blocked_user/login_blocked_user_tests.robot">
<test id="s1-t1" name="SWAG-27 Login compte bloqué" line="10">
<kw name="New Browser" owner="Browser">
<msg time="2026-03-06T12:42:16.737528" level="INFO">{"browser": "chromium", "headless": false, "chromiumSandbox": false, "devtools": false, "handleSIGHUP": true, "handleSIGINT": true, "handleSIGTERM": true, "slowMo": 0.0, "timeout": 30000.0, "tracesDir": "/home/administrateur/PhpstormProjects/swag_labs/tests/login/login_blocked_user/browser/traces/temp/f0f79a75-0de4-4c44-94c2-7fa8e33e5c5a"}</msg>
<msg time="2026-03-06T12:42:16.747988" level="INFO">Starting Browser process /home/administrateur/PhpstormProjects/swag_labs/venv/lib/python3.12/site-packages/Browser/wrapper/index.js using at 127.0.0.1:56477</msg>
<msg time="2026-03-06T12:42:18.262173" level="INFO">Successfully created browser with options: {"browser":"chromium","headless":false,"chromiumSandbox":false,"devtools":false,"handleSIGHUP":true,"handleSIGINT":true,"handleSIGTERM":true,"slowMo":0,"timeout":30000,"tracesDir":"/home/administrateur/PhpstormProjects/swag_labs/tests/login/login_blocked_user/browser/traces/temp/f0f79a75-0de4-4c44-94c2-7fa8e33e5c5a"}</msg>
<arg>chromium</arg>
<arg>headless=False</arg>
<tag>BrowserControl</tag>
<tag>Setter</tag>
<doc>Create a new playwright Browser with specified options.</doc>
<status status="PASS" start="2026-03-06T12:42:16.735988" elapsed="1.526618"/>
</kw>
<kw name="New Context" owner="Browser">
<msg time="2026-03-06T12:42:18.267858" level="INFO">{
  "acceptDownloads": true,
  "bypassCSP": false,
  "forcedColors": "none",
  "ignoreHTTPSErrors": false,
  "javaScriptEnabled": true,
  "offline": false,
  "reducedMotion": "no-preference",
  "serviceWorkers": "allow",
  "viewport": {
    "width": 1280,
    "height": 720
  }
}</msg>
<msg time="2026-03-06T12:42:18.293617" level="INFO">Successfully created context. </msg>
<msg time="2026-03-06T12:42:18.293731" level="INFO">{'acceptDownloads': True, 'bypassCSP': False, 'forcedColors': 'none', 'ignoreHTTPSErrors': False, 'javaScriptEnabled': True, 'offline': False, 'reducedMotion': 'no-preference', 'serviceWorkers': 'allow', 'viewport': {'width': 1280, 'height': 720}}</msg>
<tag>BrowserControl</tag>
<tag>Setter</tag>
<doc>Create a new BrowserContext with specified options.</doc>
<status status="PASS" start="2026-03-06T12:42:18.263257" elapsed="0.030582"/>
</kw>
<kw name="New Page" owner="Browser">
<msg time="2026-03-06T12:42:19.548693" level="INFO">Successfully initialized new page object and opened url: https://www.saucedemo.com/</msg>
<arg>${URL}</arg>
<tag>BrowserControl</tag>
<tag>Setter</tag>
<doc>Open a new Page.</doc>
<status status="PASS" start="2026-03-06T12:42:18.294152" elapsed="1.254830"/>
</kw>
<kw name="Fill Text" owner="Browser">
<msg time="2026-03-06T12:42:19.550011" level="INFO">Fills the text 'blocked_user' in the given field.</msg>
<arg>id=user-name</arg>
<arg>${USERNAME}</arg>
<tag>PageContent</tag>
<tag>Setter</tag>
<doc>Clears and fills the given ``txt`` into the text field found by ``selector``.</doc>
<status status="PASS" start="2026-03-06T12:42:19.549273" elapsed="0.069238"/>
</kw>
<kw name="Fill Text" owner="Browser">
<msg time="2026-03-06T12:42:19.619748" level="INFO">Fills the text 'secret_sauce' in the given field.</msg>
<arg>id=password</arg>
<arg>${PASSWORD}</arg>
<tag>PageContent</tag>
<tag>Setter</tag>
<doc>Clears and fills the given ``txt`` into the text field found by ``selector``.</doc>
<status status="PASS" start="2026-03-06T12:42:19.618923" elapsed="0.025008"/>
</kw>
<kw name="Click" owner="Browser">
<msg time="2026-03-06T12:42:19.645212" level="INFO">Clicks the element 'id=login-button'.</msg>
<arg>id=login-button</arg>
<tag>PageContent</tag>
<tag>Setter</tag>
<doc>Simulates mouse click on the element found by ``selector``.</doc>
<status status="PASS" start="2026-03-06T12:42:19.644291" elapsed="0.383800"/>
</kw>
<kw name="Wait For Elements State" owner="Browser">
<msg time="2026-03-06T12:42:20.068415" level="INFO">Waited for Element with selector css=[data-test="error"] at state visible</msg>
<arg>css=[data-test="error"]</arg>
<arg>visible</arg>
<arg>timeout=5s</arg>
<tag>PageContent</tag>
<tag>Wait</tag>
<doc>Waits for the element found by ``selector`` to satisfy state option.</doc>
<status status="PASS" start="2026-03-06T12:42:20.029084" elapsed="0.039718"/>
</kw>
<kw name="Get Element Count" owner="Browser">
<msg time="2026-03-06T12:42:20.090165" level="INFO">${addToCart} = 0</msg>
<var>${addToCart}</var>
<arg>css=[data-test="shopping-cart-link"]</arg>
<tag>Assertion</tag>
<tag>Getter</tag>
<tag>PageContent</tag>
<doc>Returns the count of elements found with ``selector``.</doc>
<status status="PASS" start="2026-03-06T12:42:20.069266" elapsed="0.020999"/>
</kw>
<kw name="Should Be Equal As Integers" owner="BuiltIn">
<msg time="2026-03-06T12:42:20.091791" level="INFO">Argument types are:
&lt;class 'int'&gt;
&lt;class 'str'&gt;</msg>
<arg>${addToCart}</arg>
<arg>0</arg>
<doc>Fails if objects are unequal after converting them to integers.</doc>
<status status="PASS" start="2026-03-06T12:42:20.090833" elapsed="0.001149"/>
</kw>
<kw name="Close Browser" owner="Browser">
<msg time="2026-03-06T12:42:20.291139" level="INFO">Closed browser</msg>
<tag>BrowserControl</tag>
<tag>Setter</tag>
<doc>Closes the current browser.</doc>
<status status="PASS" start="2026-03-06T12:42:20.092536" elapsed="0.198806"/>
</kw>
<status status="PASS" start="2026-03-06T12:42:16.734325" elapsed="3.557337"/>
</test>
<status status="PASS" start="2026-03-06T12:42:16.490513" elapsed="3.836976"/>
</suite>
<statistics>
<total>
<stat pass="1" fail="0" skip="0">All Tests</stat>
</total>
<tag>
</tag>
<suite>
<stat name="Login Blocked User Tests" id="s1" pass="1" fail="0" skip="0">Login Blocked User Tests</stat>
</suite>
</statistics>
<errors>
</errors>
</robot>
